2026-06-18 23:06:55,179 - Log file for this run: /Users/tomhaidinger/Documents/max78000/ai8x-training/logs/2026.06.18-230655___ai85mmsanomalynet25aux___MMS_128_V5/2026.06.18-230655___ai85mmsanomalynet25aux___MMS_128_V5.log
2026-06-18 23:06:55,179 - Configuring device: MAX78000, simulate=False.
2026-06-18 23:06:55,253 - 
2026-06-18 23:06:55,253 - --------------------------------------------------------
2026-06-18 23:06:55,253 - Logging to TensorBoard - remember to execute the server:
2026-06-18 23:06:55,253 - > tensorboard --logdir='./logs'
2026-06-18 23:06:55,253 - 
2026-06-18 23:06:56,068 - => loading checkpoint logs/2026.06.18-181852___ai85mmsanomalynet25aux___MMS_128_V5/checkpoint.pth.tar
2026-06-18 23:06:56,073 - => Checkpoint contents:
+----------------------+-------------+------------------------+
| Key                  | Type        | Value                  |
|----------------------+-------------+------------------------|
| arch                 | str         | ai85mmsanomalynet25aux |
| compression_sched    | dict        |                        |
| epoch                | int         | 113                    |
| extras               | dict        |                        |
| optimizer_state_dict | dict        |                        |
| optimizer_type       | type        | Adam                   |
| state_dict           | OrderedDict |                        |
+----------------------+-------------+------------------------+

2026-06-18 23:06:56,073 - => Checkpoint['extras'] contents:
+--------------+--------+----------+
| Key          | Type   |    Value |
|--------------+--------+----------|
| best_epoch   | int    | 112      |
| best_mAP     | int    |   0      |
| best_top1    | float  |  97.9818 |
| current_mAP  | int    |   0      |
| current_top1 | float  |  97.9255 |
+--------------+--------+----------+

2026-06-18 23:06:56,073 - Loaded compression schedule from checkpoint (epoch 113)
2026-06-18 23:06:56,136 - Optimizer of type <class 'torch.optim.adam.Adam'> was loaded from checkpoint
2026-06-18 23:06:56,136 - Optimizer Args: {'lr': 0.00025, 'betas': (0.9, 0.999), 'eps': 1e-08, 'weight_decay': 0.0, 'amsgrad': False, 'maximize': False, 'foreach': None, 'capturable': False, 'differentiable': False, 'fused': None, 'initial_lr': 0.001}
2026-06-18 23:06:56,136 - => loaded checkpoint 'logs/2026.06.18-181852___ai85mmsanomalynet25aux___MMS_128_V5/checkpoint.pth.tar' (epoch 113)
2026-06-18 23:06:56,249 - Train+validation dataset length: 2770
2026-06-18 23:06:56,249 - Validation samples: 210
2026-06-18 23:06:56,249 - 
2026-06-18 23:06:56,250 - Test dataset length: 252
2026-06-18 23:06:56,250 - 
2026-06-18 23:06:56,258 - Camera test dataset size: 10
2026-06-18 23:06:56,259 - Reading compression schedule from: policies/schedule-mms-deep-25.yaml
2026-06-18 23:06:56,260 - torch.compile() not available, using "eager" mode
2026-06-18 23:06:56,260 - Dataset sizes:
	training=2560
	validation=210
	test=252
2026-06-18 23:06:56,260 - 

2026-06-18 23:06:56,260 - Training epoch: 2560 samples (24 per mini-batch, world size: 1)
2026-06-18 23:06:58,371 - Epoch: [114][   25/  107]    Overall Loss 0.331907    Objective Loss 0.331907    MMS Map Loss 0.279426    MMS Focal Loss 0.048592    MMS Image Loss 0.019445                                        LR 0.000250    Time 0.084398    
2026-06-18 23:06:59,925 - Epoch: [114][   50/  107]    Overall Loss 0.330374    Objective Loss 0.330374    MMS Map Loss 0.278179    MMS Focal Loss 0.048239    MMS Image Loss 0.019781                                        LR 0.000250    Time 0.073278    
2026-06-18 23:07:01,484 - Epoch: [114][   75/  107]    Overall Loss 0.329871    Objective Loss 0.329871    MMS Map Loss 0.277457    MMS Focal Loss 0.048025    MMS Image Loss 0.021946                                        LR 0.000250    Time 0.069623    
2026-06-18 23:07:03,026 - Epoch: [114][  100/  107]    Overall Loss 0.331040    Objective Loss 0.331040    MMS Map Loss 0.278699    MMS Focal Loss 0.048118    MMS Image Loss 0.021117                                        LR 0.000250    Time 0.067637    
2026-06-18 23:07:03,693 - Epoch: [114][  107/  107]    Overall Loss 0.331476    Objective Loss 0.331476    MMS Map Loss 0.279169    MMS Focal Loss 0.048231    MMS Image Loss 0.020381    Top1 98.149414    LR 0.000250    Time 0.069441    
2026-06-18 23:07:03,693 - --- validate (epoch=114)-----------
2026-06-18 23:07:03,693 - 210 samples (24 per mini-batch)
2026-06-18 23:07:04,272 - Epoch: [114][    9/    9]    Loss 0.410886    Top1 97.781808    ImageAcc 92.380953    ImageF1 94.285715    ImageBalancedAcc 91.428572    ImagePrecision 94.285715    ImageRecall 94.285715    ImageThresh 0.380000    ImageAccOneCell 66.666669    MMS Map Loss 0.347353    MMS Focal Loss 0.063532    
2026-06-18 23:07:04,272 - ==> Top1: 97.782    Loss: 0.411

2026-06-18 23:07:04,276 - ==> ImageAcc: 92.381    ImageF1: 94.286    ImageBalancedAcc: 91.429    ImageThresh: 0.380

2026-06-18 23:07:04,277 - ==> Confusion:
[[200663   4464]
 [   306   9607]]

2026-06-18 23:07:04,317 - --- test (epoch=114) -------------
2026-06-18 23:07:04,318 - 252 samples (24 per mini-batch)
2026-06-18 23:07:05,206 - Epoch: [114][   11/   11]    Loss 0.968289    Top1 93.875558    ImageAcc 76.587301    ImageF1 79.442513    ImageBalancedAcc 76.049936    ImagePrecision 78.620690    ImageRecall 80.281693    ImageThresh 0.370000    ImageAccOneCell 56.349206    MMS Map Loss 0.708517    MMS Focal Loss 0.259773    
2026-06-18 23:07:05,206 - ==> Top1: 93.876    Loss: 0.968

2026-06-18 23:07:05,210 - ==> ImageAcc: 76.587    ImageF1: 79.443    ImageBalancedAcc: 76.050    ImageThresh: 0.370

2026-06-18 23:07:05,210 - ==> Confusion:
[[242244  15662]
 [   142      0]]

2026-06-18 23:07:05,210 - --- camera test image metrics (epoch=114) -------------
2026-06-18 23:07:05,317 - ==> Camera ImageAcc: 100.000    ImageRecall: 100.000    ImagePrecision: 100.000    ImageThresh: 0.360

2026-06-18 23:07:05,390 - ==> Best [Top1: 97.782   Params: 181176 on epoch: 114]
2026-06-18 23:07:05,390 - Saving checkpoint to: logs/2026.06.18-230655___ai85mmsanomalynet25aux___MMS_128_V5/checkpoint.pth.tar
2026-06-18 23:07:05,460 - 

2026-06-18 23:07:05,461 - Training epoch: 2560 samples (24 per mini-batch, world size: 1)
2026-06-18 23:07:07,115 - Epoch: [115][   25/  107]    Overall Loss 0.336985    Objective Loss 0.336985    MMS Map Loss 0.283695    MMS Focal Loss 0.049766    MMS Image Loss 0.017620                                        LR 0.000250    Time 0.066134    
2026-06-18 23:07:08,736 - Epoch: [115][   50/  107]    Overall Loss 0.335654    Objective Loss 0.335654    MMS Map Loss 0.282947    MMS Focal Loss 0.049050    MMS Image Loss 0.018289                                        LR 0.000250    Time 0.065484    
2026-06-18 23:07:10,306 - Epoch: [115][   75/  107]    Overall Loss 0.332840    Objective Loss 0.332840    MMS Map Loss 0.280884    MMS Focal Loss 0.048548    MMS Image Loss 0.017045                                        LR 0.000250    Time 0.064579    
2026-06-18 23:07:11,858 - Epoch: [115][  100/  107]    Overall Loss 0.330485    Objective Loss 0.330485    MMS Map Loss 0.279008    MMS Focal Loss 0.048036    MMS Image Loss 0.017204                                        LR 0.000250    Time 0.063956    
2026-06-18 23:07:12,281 - Epoch: [115][  107/  107]    Overall Loss 0.330262    Objective Loss 0.330262    MMS Map Loss 0.278822    MMS Focal Loss 0.048150    MMS Image Loss 0.016451    Top1 97.426758    LR 0.000250    Time 0.063723    
2026-06-18 23:07:12,282 - --- validate (epoch=115)-----------
2026-06-18 23:07:12,282 - 210 samples (24 per mini-batch)
2026-06-18 23:07:12,731 - Epoch: [115][    9/    9]    Loss 0.408487    Top1 97.918527    ImageAcc 94.761902    ImageF1 96.085411    ImageBalancedAcc 93.928576    ImagePrecision 95.744681    ImageRecall 96.428573    ImageThresh 0.370000    ImageAccOneCell 66.666669    MMS Map Loss 0.344887    MMS Focal Loss 0.063599    
2026-06-18 23:07:12,731 - ==> Top1: 97.919    Loss: 0.408

2026-06-18 23:07:12,735 - ==> ImageAcc: 94.762    ImageF1: 96.085    ImageBalancedAcc: 93.929    ImageThresh: 0.370

2026-06-18 23:07:12,735 - ==> Confusion:
[[201016   4111]
 [   365   9548]]

2026-06-18 23:07:12,764 - --- test (epoch=115) -------------
2026-06-18 23:07:12,764 - 252 samples (24 per mini-batch)
2026-06-18 23:07:13,311 - Epoch: [115][   11/   11]    Loss 0.934040    Top1 94.599454    ImageAcc 75.396824    ImageF1 78.014183    ImageBalancedAcc 75.096035    ImagePrecision 78.571427    ImageRecall 77.464789    ImageThresh 0.360000    ImageAccOneCell 56.349206    MMS Map Loss 0.688608    MMS Focal Loss 0.245432    
2026-06-18 23:07:13,312 - ==> Top1: 94.599    Loss: 0.934

2026-06-18 23:07:13,316 - ==> ImageAcc: 75.397    ImageF1: 78.014    ImageBalancedAcc: 75.096    ImageThresh: 0.360

2026-06-18 23:07:13,316 - ==> Confusion:
[[244112  13794]
 [   142      0]]

2026-06-18 23:07:13,316 - --- camera test image metrics (epoch=115) -------------
2026-06-18 23:07:13,351 - ==> Camera ImageAcc: 90.000    ImageRecall: 83.333    ImagePrecision: 100.000    ImageThresh: 0.360

2026-06-18 23:07:13,361 - ==> Best [Top1: 97.919   Params: 181176 on epoch: 115]
2026-06-18 23:07:13,361 - Saving checkpoint to: logs/2026.06.18-230655___ai85mmsanomalynet25aux___MMS_128_V5/checkpoint.pth.tar
2026-06-18 23:07:13,427 - 

2026-06-18 23:07:13,427 - Training epoch: 2560 samples (24 per mini-batch, world size: 1)
2026-06-18 23:07:15,014 - Epoch: [116][   25/  107]    Overall Loss 0.324066    Objective Loss 0.324066    MMS Map Loss 0.275051    MMS Focal Loss 0.046228    MMS Image Loss 0.013931                                        LR 0.000250    Time 0.063467    
2026-06-18 23:07:16,676 - Epoch: [116][   50/  107]    Overall Loss 0.329612    Objective Loss 0.329612    MMS Map Loss 0.279216    MMS Focal Loss 0.048268    MMS Image Loss 0.010638                                        LR 0.000250    Time 0.064947    
2026-06-18 23:07:18,328 - Epoch: [116][   75/  107]    Overall Loss 0.330206    Objective Loss 0.330206    MMS Map Loss 0.278975    MMS Focal Loss 0.048295    MMS Image Loss 0.014683                                        LR 0.000250    Time 0.065320    
2026-06-18 23:07:19,972 - Epoch: [116][  100/  107]    Overall Loss 0.331406    Objective Loss 0.331406    MMS Map Loss 0.279408    MMS Focal Loss 0.048266    MMS Image Loss 0.018661                                        LR 0.000250    Time 0.065431    
2026-06-18 23:07:20,405 - Epoch: [116][  107/  107]    Overall Loss 0.330512    Objective Loss 0.330512    MMS Map Loss 0.278778    MMS Focal Loss 0.048049    MMS Image Loss 0.018426    Top1 97.856445    LR 0.000250    Time 0.065194    
2026-06-18 23:07:20,406 - --- validate (epoch=116)-----------
2026-06-18 23:07:20,406 - 210 samples (24 per mini-batch)
2026-06-18 23:07:20,884 - Epoch: [116][    9/    9]    Loss 0.407384    Top1 97.907366    ImageAcc 94.761902    ImageF1 96.085411    ImageBalancedAcc 93.928576    ImagePrecision 95.744681    ImageRecall 96.428573    ImageThresh 0.370000    ImageAccOneCell 66.666669    MMS Map Loss 0.344068    MMS Focal Loss 0.063316    
2026-06-18 23:07:20,884 - ==> Top1: 97.907    Loss: 0.407

2026-06-18 23:07:20,888 - ==> ImageAcc: 94.762    ImageF1: 96.085    ImageBalancedAcc: 93.929    ImageThresh: 0.370

2026-06-18 23:07:20,888 - ==> Confusion:
[[200966   4161]
 [   339   9574]]

2026-06-18 23:07:20,919 - --- test (epoch=116) -------------
2026-06-18 23:07:20,919 - 252 samples (24 per mini-batch)
2026-06-18 23:07:21,487 - Epoch: [116][   11/   11]    Loss 0.973856    Top1 93.929812    ImageAcc 75.396824    ImageF1 75.590545    ImageBalancedAcc 76.530087    ImagePrecision 85.714287    ImageRecall 67.605633    ImageThresh 0.380000    ImageAccOneCell 56.349206    MMS Map Loss 0.708934    MMS Focal Loss 0.264922    
2026-06-18 23:07:21,487 - ==> Top1: 93.930    Loss: 0.974

2026-06-18 23:07:21,491 - ==> ImageAcc: 75.397    ImageF1: 75.591    ImageBalancedAcc: 76.530    ImageThresh: 0.380

2026-06-18 23:07:21,491 - ==> Confusion:
[[242384  15522]
 [   142      0]]

2026-06-18 23:07:21,491 - --- camera test image metrics (epoch=116) -------------
2026-06-18 23:07:21,526 - ==> Camera ImageAcc: 90.000    ImageRecall: 83.333    ImagePrecision: 100.000    ImageThresh: 0.350

2026-06-18 23:07:21,536 - ==> Best [Top1: 97.919   Params: 181176 on epoch: 115]
2026-06-18 23:07:21,536 - Saving checkpoint to: logs/2026.06.18-230655___ai85mmsanomalynet25aux___MMS_128_V5/checkpoint.pth.tar
2026-06-18 23:07:21,605 - 

2026-06-18 23:07:21,605 - Training epoch: 2560 samples (24 per mini-batch, world size: 1)
2026-06-18 23:07:23,201 - Epoch: [117][   25/  107]    Overall Loss 0.329133    Objective Loss 0.329133    MMS Map Loss 0.277856    MMS Focal Loss 0.048091    MMS Image Loss 0.015925                                        LR 0.000250    Time 0.063801    
2026-06-18 23:07:24,794 - Epoch: [117][   50/  107]    Overall Loss 0.332915    Objective Loss 0.332915    MMS Map Loss 0.280374    MMS Focal Loss 0.048493    MMS Image Loss 0.020238                                        LR 0.000250    Time 0.063757    
2026-06-18 23:07:26,377 - Epoch: [117][   75/  107]    Overall Loss 0.333501    Objective Loss 0.333501    MMS Map Loss 0.280633    MMS Focal Loss 0.048675    MMS Image Loss 0.020969                                        LR 0.000250    Time 0.063606    
2026-06-18 23:07:28,117 - Epoch: [117][  100/  107]    Overall Loss 0.331138    Objective Loss 0.331138    MMS Map Loss 0.279079    MMS Focal Loss 0.048106    MMS Image Loss 0.019769                                        LR 0.000250    Time 0.065098    
2026-06-18 23:07:28,548 - Epoch: [117][  107/  107]    Overall Loss 0.331342    Objective Loss 0.331342    MMS Map Loss 0.279156    MMS Focal Loss 0.048078    MMS Image Loss 0.020534    Top1 98.242188    LR 0.000250    Time 0.064867    
2026-06-18 23:07:28,549 - --- validate (epoch=117)-----------
2026-06-18 23:07:28,549 - 210 samples (24 per mini-batch)
2026-06-18 23:07:28,968 - Epoch: [117][    9/    9]    Loss 0.406881    Top1 97.983166    ImageAcc 94.761902    ImageF1 96.113080    ImageBalancedAcc 93.571424    ImagePrecision 95.104897    ImageRecall 97.142857    ImageThresh 0.370000    ImageAccOneCell 66.666669    MMS Map Loss 0.344637    MMS Focal Loss 0.062244    
2026-06-18 23:07:28,968 - ==> Top1: 97.983    Loss: 0.407

2026-06-18 23:07:28,972 - ==> ImageAcc: 94.762    ImageF1: 96.113    ImageBalancedAcc: 93.571    ImageThresh: 0.370

2026-06-18 23:07:28,972 - ==> Confusion:
[[201169   3958]
 [   379   9534]]

2026-06-18 23:07:29,002 - --- test (epoch=117) -------------
2026-06-18 23:07:29,002 - 252 samples (24 per mini-batch)
2026-06-18 23:07:29,563 - Epoch: [117][   11/   11]    Loss 0.912837    Top1 94.713774    ImageAcc 76.190478    ImageF1 78.571427    ImageBalancedAcc 76.005125    ImagePrecision 79.710144    ImageRecall 77.464789    ImageThresh 0.360000    ImageAccOneCell 56.349206    MMS Map Loss 0.678332    MMS Focal Loss 0.234505    
2026-06-18 23:07:29,563 - ==> Top1: 94.714    Loss: 0.913

2026-06-18 23:07:29,567 - ==> ImageAcc: 76.190    ImageF1: 78.571    ImageBalancedAcc: 76.005    ImageThresh: 0.360

2026-06-18 23:07:29,567 - ==> Confusion:
[[244407  13499]
 [   142      0]]

2026-06-18 23:07:29,567 - --- camera test image metrics (epoch=117) -------------
2026-06-18 23:07:29,600 - ==> Camera ImageAcc: 100.000    ImageRecall: 100.000    ImagePrecision: 100.000    ImageThresh: 0.350

2026-06-18 23:07:29,610 - ==> Best [Top1: 97.983   Params: 181176 on epoch: 117]
2026-06-18 23:07:29,610 - Saving checkpoint to: logs/2026.06.18-230655___ai85mmsanomalynet25aux___MMS_128_V5/checkpoint.pth.tar
2026-06-18 23:07:29,679 - 

2026-06-18 23:07:29,680 - Training epoch: 2560 samples (24 per mini-batch, world size: 1)
2026-06-18 23:07:31,357 - Epoch: [118][   25/  107]    Overall Loss 0.327152    Objective Loss 0.327152    MMS Map Loss 0.276700    MMS Focal Loss 0.047560    MMS Image Loss 0.014462                                        LR 0.000250    Time 0.067052    
2026-06-18 23:07:32,916 - Epoch: [118][   50/  107]    Overall Loss 0.326459    Objective Loss 0.326459    MMS Map Loss 0.276961    MMS Focal Loss 0.047184    MMS Image Loss 0.011571                                        LR 0.000250    Time 0.064702    
2026-06-18 23:07:34,478 - Epoch: [118][   75/  107]    Overall Loss 0.326754    Objective Loss 0.326754    MMS Map Loss 0.277252    MMS Focal Loss 0.047358    MMS Image Loss 0.010720                                        LR 0.000250    Time 0.063953    
2026-06-18 23:07:36,031 - Epoch: [118][  100/  107]    Overall Loss 0.327810    Objective Loss 0.327810    MMS Map Loss 0.277462    MMS Focal Loss 0.047682    MMS Image Loss 0.013333                                        LR 0.000250    Time 0.063489    
2026-06-18 23:07:36,457 - Epoch: [118][  107/  107]    Overall Loss 0.328718    Objective Loss 0.328718    MMS Map Loss 0.278104    MMS Focal Loss 0.047791    MMS Image Loss 0.014118    Top1 97.980957    LR 0.000250    Time 0.063321    
2026-06-18 23:07:36,458 - --- validate (epoch=118)-----------
2026-06-18 23:07:36,458 - 210 samples (24 per mini-batch)
2026-06-18 23:07:36,890 - Epoch: [118][    9/    9]    Loss 0.411384    Top1 97.898531    ImageAcc 94.285715    ImageF1 95.744681    ImageBalancedAcc 93.214285    ImagePrecision 95.070422    ImageRecall 96.428573    ImageThresh 0.370000    ImageAccOneCell 66.666669    MMS Map Loss 0.347650    MMS Focal Loss 0.063735    
2026-06-18 23:07:36,890 - ==> Top1: 97.899    Loss: 0.411

2026-06-18 23:07:36,894 - ==> ImageAcc: 94.286    ImageF1: 95.745    ImageBalancedAcc: 93.214    ImageThresh: 0.370

2026-06-18 23:07:36,894 - ==> Confusion:
[[201006   4121]
 [   398   9515]]

2026-06-18 23:07:36,923 - --- test (epoch=118) -------------
2026-06-18 23:07:36,923 - 252 samples (24 per mini-batch)
2026-06-18 23:07:37,484 - Epoch: [118][   11/   11]    Loss 0.930926    Top1 94.524662    ImageAcc 75.396824    ImageF1 79.738557    ImageBalancedAcc 73.866838    ImagePrecision 74.390244    ImageRecall 85.915494    ImageThresh 0.350000    ImageAccOneCell 56.349206    MMS Map Loss 0.687258    MMS Focal Loss 0.243668    
2026-06-18 23:07:37,484 - ==> Top1: 94.525    Loss: 0.931

2026-06-18 23:07:37,488 - ==> ImageAcc: 75.397    ImageF1: 79.739    ImageBalancedAcc: 73.867    ImageThresh: 0.350

2026-06-18 23:07:37,488 - ==> Confusion:
[[243919  13987]
 [   142      0]]

2026-06-18 23:07:37,488 - --- camera test image metrics (epoch=118) -------------
2026-06-18 23:07:37,522 - ==> Camera ImageAcc: 100.000    ImageRecall: 100.000    ImagePrecision: 100.000    ImageThresh: 0.350

2026-06-18 23:07:37,531 - ==> Best [Top1: 97.983   Params: 181176 on epoch: 117]
2026-06-18 23:07:37,531 - Saving checkpoint to: logs/2026.06.18-230655___ai85mmsanomalynet25aux___MMS_128_V5/checkpoint.pth.tar
2026-06-18 23:07:37,600 - 

2026-06-18 23:07:37,600 - Training epoch: 2560 samples (24 per mini-batch, world size: 1)
2026-06-18 23:07:39,184 - Epoch: [119][   25/  107]    Overall Loss 0.329190    Objective Loss 0.329190    MMS Map Loss 0.277032    MMS Focal Loss 0.048027    MMS Image Loss 0.020656                                        LR 0.000250    Time 0.063348    
2026-06-18 23:07:40,742 - Epoch: [119][   50/  107]    Overall Loss 0.332431    Objective Loss 0.332431    MMS Map Loss 0.279441    MMS Focal Loss 0.048164    MMS Image Loss 0.024128                                        LR 0.000250    Time 0.062831    
2026-06-18 23:07:42,341 - Epoch: [119][   75/  107]    Overall Loss 0.333635    Objective Loss 0.333635    MMS Map Loss 0.280474    MMS Focal Loss 0.048606    MMS Image Loss 0.022773                                        LR 0.000250    Time 0.063199    
2026-06-18 23:07:43,932 - Epoch: [119][  100/  107]    Overall Loss 0.331827    Objective Loss 0.331827    MMS Map Loss 0.279366    MMS Focal Loss 0.048273    MMS Image Loss 0.020941                                        LR 0.000250    Time 0.063304    
2026-06-18 23:07:44,379 - Epoch: [119][  107/  107]    Overall Loss 0.330410    Objective Loss 0.330410    MMS Map Loss 0.278483    MMS Focal Loss 0.047969    MMS Image Loss 0.019788    Top1 98.261719    LR 0.000250    Time 0.063332    
2026-06-18 23:07:44,379 - --- validate (epoch=119)-----------
2026-06-18 23:07:44,379 - 210 samples (24 per mini-batch)
2026-06-18 23:07:44,823 - Epoch: [119][    9/    9]    Loss 0.403534    Top1 97.892020    ImageAcc 94.285715    ImageF1 95.714283    ImageBalancedAcc 93.571424    ImagePrecision 95.714283    ImageRecall 95.714283    ImageThresh 0.370000    ImageAccOneCell 66.666669    MMS Map Loss 0.341546    MMS Focal Loss 0.061987    
2026-06-18 23:07:44,823 - ==> Top1: 97.892    Loss: 0.404

2026-06-18 23:07:44,827 - ==> ImageAcc: 94.286    ImageF1: 95.714    ImageBalancedAcc: 93.571    ImageThresh: 0.370

2026-06-18 23:07:44,827 - ==> Confusion:
[[200910   4217]
 [   316   9597]]

2026-06-18 23:07:44,856 - --- test (epoch=119) -------------
2026-06-18 23:07:44,856 - 252 samples (24 per mini-batch)
2026-06-18 23:07:45,415 - Epoch: [119][   11/   11]    Loss 0.928338    Top1 94.448320    ImageAcc 73.015875    ImageF1 77.027023    ImageBalancedAcc 71.959031    ImagePrecision 74.025977    ImageRecall 80.281693    ImageThresh 0.350000    ImageAccOneCell 56.349206    MMS Map Loss 0.684917    MMS Focal Loss 0.243421    
2026-06-18 23:07:45,415 - ==> Top1: 94.448    Loss: 0.928

2026-06-18 23:07:45,419 - ==> ImageAcc: 73.016    ImageF1: 77.027    ImageBalancedAcc: 71.959    ImageThresh: 0.350

2026-06-18 23:07:45,419 - ==> Confusion:
[[243722  14184]
 [   142      0]]

2026-06-18 23:07:45,419 - --- camera test image metrics (epoch=119) -------------
2026-06-18 23:07:45,452 - ==> Camera ImageAcc: 90.000    ImageRecall: 83.333    ImagePrecision: 100.000    ImageThresh: 0.380

2026-06-18 23:07:45,461 - ==> Best [Top1: 97.983   Params: 181176 on epoch: 117]
2026-06-18 23:07:45,462 - Saving checkpoint to: logs/2026.06.18-230655___ai85mmsanomalynet25aux___MMS_128_V5/checkpoint.pth.tar
2026-06-18 23:07:45,529 - 

2026-06-18 23:07:45,529 - Training epoch: 2560 samples (24 per mini-batch, world size: 1)
2026-06-18 23:07:47,200 - Epoch: [120][   25/  107]    Overall Loss 0.329898    Objective Loss 0.329898    MMS Map Loss 0.279062    MMS Focal Loss 0.048126    MMS Image Loss 0.013555                                        LR 0.000063    Time 0.066800    
2026-06-18 23:07:48,765 - Epoch: [120][   50/  107]    Overall Loss 0.324686    Objective Loss 0.324686    MMS Map Loss 0.275057    MMS Focal Loss 0.046774    MMS Image Loss 0.014273                                        LR 0.000063    Time 0.064688    
2026-06-18 23:07:50,335 - Epoch: [120][   75/  107]    Overall Loss 0.329471    Objective Loss 0.329471    MMS Map Loss 0.278502    MMS Focal Loss 0.047842    MMS Image Loss 0.015637                                        LR 0.000063    Time 0.064050    
2026-06-18 23:07:51,863 - Epoch: [120][  100/  107]    Overall Loss 0.327220    Objective Loss 0.327220    MMS Map Loss 0.276847    MMS Focal Loss 0.047334    MMS Image Loss 0.015192                                        LR 0.000063    Time 0.063319    
2026-06-18 23:07:52,294 - Epoch: [120][  107/  107]    Overall Loss 0.327690    Objective Loss 0.327690    MMS Map Loss 0.277383    MMS Focal Loss 0.047405    MMS Image Loss 0.014508    Top1 98.176270    LR 0.000063    Time 0.063203    
2026-06-18 23:07:52,295 - --- validate (epoch=120)-----------
2026-06-18 23:07:52,295 - 210 samples (24 per mini-batch)
2026-06-18 23:07:52,702 - Epoch: [120][    9/    9]    Loss 0.405923    Top1 98.125465    ImageAcc 94.285715    ImageF1 95.744681    ImageBalancedAcc 93.214285    ImagePrecision 95.070422    ImageRecall 96.428573    ImageThresh 0.370000    ImageAccOneCell 66.666669    MMS Map Loss 0.344171    MMS Focal Loss 0.061752    
2026-06-18 23:07:52,702 - ==> Top1: 98.125    Loss: 0.406

2026-06-18 23:07:52,706 - ==> ImageAcc: 94.286    ImageF1: 95.745    ImageBalancedAcc: 93.214    ImageThresh: 0.370

2026-06-18 23:07:52,706 - ==> Confusion:
[[201430   3697]
 [   334   9579]]

2026-06-18 23:07:52,736 - --- test (epoch=120) -------------
2026-06-18 23:07:52,736 - 252 samples (24 per mini-batch)
2026-06-18 23:07:53,287 - Epoch: [120][   11/   11]    Loss 0.934190    Top1 94.732375    ImageAcc 75.000000    ImageF1 79.207915    ImageBalancedAcc 73.617160    ImagePrecision 74.534160    ImageRecall 84.507042    ImageThresh 0.350000    ImageAccOneCell 56.349206    MMS Map Loss 0.689439    MMS Focal Loss 0.244751    
2026-06-18 23:07:53,287 - ==> Top1: 94.732    Loss: 0.934

2026-06-18 23:07:53,291 - ==> ImageAcc: 75.000    ImageF1: 79.208    ImageBalancedAcc: 73.617    ImageThresh: 0.350

2026-06-18 23:07:53,291 - ==> Confusion:
[[244455  13451]
 [   142      0]]

2026-06-18 23:07:53,446 - --- camera test image metrics (epoch=120) -------------
2026-06-18 23:07:53,482 - ==> Camera ImageAcc: 90.000    ImageRecall: 83.333    ImagePrecision: 100.000    ImageThresh: 0.360

2026-06-18 23:07:53,564 - ==> Best [Top1: 98.125   Params: 181176 on epoch: 120]
2026-06-18 23:07:53,564 - Saving checkpoint to: logs/2026.06.18-230655___ai85mmsanomalynet25aux___MMS_128_V5/checkpoint.pth.tar
2026-06-18 23:07:53,634 - 

2026-06-18 23:07:53,634 - Training epoch: 2560 samples (24 per mini-batch, world size: 1)
2026-06-18 23:07:55,186 - Epoch: [121][   25/  107]    Overall Loss 0.322558    Objective Loss 0.322558    MMS Map Loss 0.274251    MMS Focal Loss 0.046408    MMS Image Loss 0.009499                                        LR 0.000063    Time 0.062055    
2026-06-18 23:07:56,770 - Epoch: [121][   50/  107]    Overall Loss 0.326450    Objective Loss 0.326450    MMS Map Loss 0.277418    MMS Focal Loss 0.047417    MMS Image Loss 0.008078                                        LR 0.000063    Time 0.062693    
2026-06-18 23:07:58,388 - Epoch: [121][   75/  107]    Overall Loss 0.326533    Objective Loss 0.326533    MMS Map Loss 0.277160    MMS Focal Loss 0.047234    MMS Image Loss 0.010695                                        LR 0.000063    Time 0.063360    
2026-06-18 23:07:59,947 - Epoch: [121][  100/  107]    Overall Loss 0.325739    Objective Loss 0.325739    MMS Map Loss 0.276270    MMS Focal Loss 0.047023    MMS Image Loss 0.012233                                        LR 0.000063    Time 0.063105    
2026-06-18 23:08:00,368 - Epoch: [121][  107/  107]    Overall Loss 0.327121    Objective Loss 0.327121    MMS Map Loss 0.277298    MMS Focal Loss 0.047339    MMS Image Loss 0.012420    Top1 97.897949    LR 0.000063    Time 0.062909    
2026-06-18 23:08:00,368 - --- validate (epoch=121)-----------
2026-06-18 23:08:00,368 - 210 samples (24 per mini-batch)
2026-06-18 23:08:00,796 - Epoch: [121][    9/    9]    Loss 0.405382    Top1 98.188244    ImageAcc 94.285715    ImageF1 95.744681    ImageBalancedAcc 93.214285    ImagePrecision 95.070422    ImageRecall 96.428573    ImageThresh 0.370000    ImageAccOneCell 66.666669    MMS Map Loss 0.343584    MMS Focal Loss 0.061797    
2026-06-18 23:08:00,796 - ==> Top1: 98.188    Loss: 0.405

2026-06-18 23:08:00,800 - ==> ImageAcc: 94.286    ImageF1: 95.745    ImageBalancedAcc: 93.214    ImageThresh: 0.370

2026-06-18 23:08:00,800 - ==> Confusion:
[[201606   3521]
 [   375   9538]]

2026-06-18 23:08:00,829 - --- test (epoch=121) -------------
2026-06-18 23:08:00,829 - 252 samples (24 per mini-batch)
2026-06-18 23:08:01,381 - Epoch: [121][   11/   11]    Loss 0.925391    Top1 94.899786    ImageAcc 73.412699    ImageF1 75.985664    ImageBalancedAcc 73.233032    ImagePrecision 77.372265    ImageRecall 74.647886    ImageThresh 0.360000    ImageAccOneCell 56.349206    MMS Map Loss 0.685086    MMS Focal Loss 0.240305    
2026-06-18 23:08:01,382 - ==> Top1: 94.900    Loss: 0.925

2026-06-18 23:08:01,385 - ==> ImageAcc: 73.413    ImageF1: 75.986    ImageBalancedAcc: 73.233    ImageThresh: 0.360

2026-06-18 23:08:01,385 - ==> Confusion:
[[244887  13019]
 [   142      0]]

2026-06-18 23:08:01,386 - --- camera test image metrics (epoch=121) -------------
2026-06-18 23:08:01,419 - ==> Camera ImageAcc: 90.000    ImageRecall: 83.333    ImagePrecision: 100.000    ImageThresh: 0.360

2026-06-18 23:08:01,429 - ==> Best [Top1: 98.188   Params: 181176 on epoch: 121]
2026-06-18 23:08:01,429 - Saving checkpoint to: logs/2026.06.18-230655___ai85mmsanomalynet25aux___MMS_128_V5/checkpoint.pth.tar
2026-06-18 23:08:01,500 - 

2026-06-18 23:08:01,500 - Training epoch: 2560 samples (24 per mini-batch, world size: 1)
2026-06-18 23:08:03,050 - Epoch: [122][   25/  107]    Overall Loss 0.323710    Objective Loss 0.323710    MMS Map Loss 0.274970    MMS Focal Loss 0.046618    MMS Image Loss 0.010607                                        LR 0.000063    Time 0.061965    
2026-06-18 23:08:04,592 - Epoch: [122][   50/  107]    Overall Loss 0.325595    Objective Loss 0.325595    MMS Map Loss 0.276230    MMS Focal Loss 0.047182    MMS Image Loss 0.010915                                        LR 0.000063    Time 0.061820    
2026-06-18 23:08:06,127 - Epoch: [122][   75/  107]    Overall Loss 0.325880    Objective Loss 0.325880    MMS Map Loss 0.276555    MMS Focal Loss 0.047232    MMS Image Loss 0.010468                                        LR 0.000063    Time 0.061682    
2026-06-18 23:08:07,651 - Epoch: [122][  100/  107]    Overall Loss 0.326078    Objective Loss 0.326078    MMS Map Loss 0.276735    MMS Focal Loss 0.047192    MMS Image Loss 0.010758                                        LR 0.000063    Time 0.061491    
2026-06-18 23:08:08,094 - Epoch: [122][  107/  107]    Overall Loss 0.327229    Objective Loss 0.327229    MMS Map Loss 0.277553    MMS Focal Loss 0.047443    MMS Image Loss 0.011165    Top1 98.095703    LR 0.000063    Time 0.061607    
2026-06-18 23:08:08,094 - --- validate (epoch=122)-----------
2026-06-18 23:08:08,094 - 210 samples (24 per mini-batch)
2026-06-18 23:08:08,489 - Epoch: [122][    9/    9]    Loss 0.409159    Top1 98.091983    ImageAcc 94.285715    ImageF1 95.744681    ImageBalancedAcc 93.214285    ImagePrecision 95.070422    ImageRecall 96.428573    ImageThresh 0.370000    ImageAccOneCell 66.666669    MMS Map Loss 0.345906    MMS Focal Loss 0.063253    
2026-06-18 23:08:08,489 - ==> Top1: 98.092    Loss: 0.409

2026-06-18 23:08:08,493 - ==> ImageAcc: 94.286    ImageF1: 95.745    ImageBalancedAcc: 93.214    ImageThresh: 0.370

2026-06-18 23:08:08,493 - ==> Confusion:
[[201359   3768]
 [   335   9578]]

2026-06-18 23:08:08,522 - --- test (epoch=122) -------------
2026-06-18 23:08:08,522 - 252 samples (24 per mini-batch)
2026-06-18 23:08:09,075 - Epoch: [122][   11/   11]    Loss 0.936749    Top1 94.640920    ImageAcc 74.206346    ImageF1 76.868320    ImageBalancedAcc 73.937261    ImagePrecision 77.697843    ImageRecall 76.056337    ImageThresh 0.360000    ImageAccOneCell 56.349206    MMS Map Loss 0.690854    MMS Focal Loss 0.245895    
2026-06-18 23:08:09,075 - ==> Top1: 94.641    Loss: 0.937

2026-06-18 23:08:09,079 - ==> ImageAcc: 74.206    ImageF1: 76.868    ImageBalancedAcc: 73.937    ImageThresh: 0.360

2026-06-18 23:08:09,079 - ==> Confusion:
[[244219  13687]
 [   142      0]]

2026-06-18 23:08:09,079 - --- camera test image metrics (epoch=122) -------------
2026-06-18 23:08:09,114 - ==> Camera ImageAcc: 90.000    ImageRecall: 83.333    ImagePrecision: 100.000    ImageThresh: 0.360

2026-06-18 23:08:09,123 - ==> Best [Top1: 98.188   Params: 181176 on epoch: 121]
2026-06-18 23:08:09,123 - Saving checkpoint to: logs/2026.06.18-230655___ai85mmsanomalynet25aux___MMS_128_V5/checkpoint.pth.tar
2026-06-18 23:08:09,191 - Initiating quantization aware training (QAT)...
2026-06-18 23:08:09,256 - Collecting statistics for quantization aware training (QAT)...
2026-06-18 23:08:24,095 - 

2026-06-18 23:08:24,095 - Training epoch: 2560 samples (24 per mini-batch, world size: 1)
2026-06-18 23:08:26,592 - Epoch: [123][   25/  107]    Overall Loss 0.696358    Objective Loss 0.696358    MMS Map Loss 0.470123    MMS Focal Loss 0.112800    MMS Image Loss 0.567177                                        LR 0.000063    Time 0.099845    
2026-06-18 23:08:28,675 - Epoch: [123][   50/  107]    Overall Loss 0.579156    Objective Loss 0.579156    MMS Map Loss 0.405821    MMS Focal Loss 0.089345    MMS Image Loss 0.419950                                        LR 0.000063    Time 0.091576    
2026-06-18 23:08:30,768 - Epoch: [123][   75/  107]    Overall Loss 0.527784    Objective Loss 0.527784    MMS Map Loss 0.376352    MMS Focal Loss 0.078394    MMS Image Loss 0.365191                                        LR 0.000063    Time 0.088945    
2026-06-18 23:08:32,942 - Epoch: [123][  100/  107]    Overall Loss 0.496281    Objective Loss 0.496281    MMS Map Loss 0.357503    MMS Focal Loss 0.072414    MMS Image Loss 0.331818                                        LR 0.000063    Time 0.088448    
2026-06-18 23:08:33,623 - Epoch: [123][  107/  107]    Overall Loss 0.490614    Objective Loss 0.490614    MMS Map Loss 0.353577    MMS Focal Loss 0.071311    MMS Image Loss 0.328627    Top1 97.416992    LR 0.000063    Time 0.089020    
2026-06-18 23:08:33,624 - --- validate (epoch=123)-----------
2026-06-18 23:08:33,624 - 210 samples (24 per mini-batch)
2026-06-18 23:08:34,227 - Epoch: [123][    9/    9]    Loss 0.391855    Top1 97.140532    ImageAcc 89.523810    ImageF1 91.911763    ImageBalancedAcc 89.642859    ImagePrecision 94.696969    ImageRecall 89.285713    ImageThresh 0.330000    ImageAccOneCell 66.666669    MMS Map Loss 0.328389    MMS Focal Loss 0.063467    
2026-06-18 23:08:34,227 - ==> Top1: 97.141    Loss: 0.392

2026-06-18 23:08:34,231 - ==> ImageAcc: 89.524    ImageF1: 91.912    ImageBalancedAcc: 89.643    ImageThresh: 0.330

2026-06-18 23:08:34,232 - ==> Confusion:
[[199445   5682]
 [   467   9446]]

2026-06-18 23:08:34,288 - --- test (epoch=123) -------------
2026-06-18 23:08:34,291 - 252 samples (24 per mini-batch)
2026-06-18 23:08:35,207 - Epoch: [123][   11/   11]    Loss 0.872313    Top1 93.376426    ImageAcc 76.984125    ImageF1 77.519381    ImageBalancedAcc 77.938545    ImagePrecision 86.206895    ImageRecall 70.422536    ImageThresh 0.340000    ImageAccOneCell 56.349206    MMS Map Loss 0.646423    MMS Focal Loss 0.225890    
2026-06-18 23:08:35,207 - ==> Top1: 93.376    Loss: 0.872

2026-06-18 23:08:35,211 - ==> ImageAcc: 76.984    ImageF1: 77.519    ImageBalancedAcc: 77.939    ImageThresh: 0.340

2026-06-18 23:08:35,211 - ==> Confusion:
[[240956  16950]
 [   142      0]]

2026-06-18 23:08:35,211 - --- camera test image metrics (epoch=123) -------------
2026-06-18 23:08:35,317 - ==> Camera ImageAcc: 90.000    ImageRecall: 83.333    ImagePrecision: 100.000    ImageThresh: 0.370

2026-06-18 23:08:35,325 - ==> Best [Top1: 97.141   Params: 181176 on epoch: 123]
2026-06-18 23:08:35,326 - Saving checkpoint to: logs/2026.06.18-230655___ai85mmsanomalynet25aux___MMS_128_V5/qat_checkpoint.pth.tar
2026-06-18 23:08:35,386 - 

2026-06-18 23:08:35,387 - Training epoch: 2560 samples (24 per mini-batch, world size: 1)
2026-06-18 23:08:37,582 - Epoch: [124][   25/  107]    Overall Loss 0.349803    Objective Loss 0.349803    MMS Map Loss 0.260590    MMS Focal Loss 0.043101    MMS Image Loss 0.230562                                        LR 0.000063    Time 0.087793    
2026-06-18 23:08:39,760 - Epoch: [124][   50/  107]    Overall Loss 0.340240    Objective Loss 0.340240    MMS Map Loss 0.251344    MMS Focal Loss 0.042394    MMS Image Loss 0.232510                                        LR 0.000063    Time 0.087442    
2026-06-18 23:08:41,942 - Epoch: [124][   75/  107]    Overall Loss 0.327748    Objective Loss 0.327748    MMS Map Loss 0.241334    MMS Focal Loss 0.040756    MMS Image Loss 0.228286                                        LR 0.000063    Time 0.087382    
2026-06-18 23:08:44,119 - Epoch: [124][  100/  107]    Overall Loss 0.313508    Objective Loss 0.313508    MMS Map Loss 0.230304    MMS Focal Loss 0.039082    MMS Image Loss 0.220614                                        LR 0.000063    Time 0.087300    
2026-06-18 23:08:44,725 - Epoch: [124][  107/  107]    Overall Loss 0.311093    Objective Loss 0.311093    MMS Map Loss 0.228071    MMS Focal Loss 0.039104    MMS Image Loss 0.219590    Top1 98.352051    LR 0.000063    Time 0.087247    
2026-06-18 23:08:44,725 - --- validate (epoch=124)-----------
2026-06-18 23:08:44,726 - 210 samples (24 per mini-batch)
2026-06-18 23:08:45,261 - Epoch: [124][    9/    9]    Loss 0.284962    Top1 97.610677    ImageAcc 89.999998    ImageF1 92.363638    ImageBalancedAcc 89.642859    ImagePrecision 94.074076    ImageRecall 90.714288    ImageThresh 0.210000    ImageAccOneCell 66.666669    MMS Map Loss 0.231127    MMS Focal Loss 0.053835    
2026-06-18 23:08:45,261 - ==> Top1: 97.611    Loss: 0.285

2026-06-18 23:08:45,265 - ==> ImageAcc: 90.000    ImageF1: 92.364    ImageBalancedAcc: 89.643    ImageThresh: 0.210

2026-06-18 23:08:45,265 - ==> Confusion:
[[200553   4574]
 [   564   9349]]

2026-06-18 23:08:45,295 - --- test (epoch=124) -------------
2026-06-18 23:08:45,295 - 252 samples (24 per mini-batch)
2026-06-18 23:08:45,956 - Epoch: [124][   11/   11]    Loss 0.785671    Top1 94.822281    ImageAcc 74.603176    ImageF1 73.770493    ImageBalancedAcc 76.235592    ImagePrecision 88.235295    ImageRecall 63.380283    ImageThresh 0.220000    ImageAccOneCell 56.349206    MMS Map Loss 0.556603    MMS Focal Loss 0.229067    
2026-06-18 23:08:45,957 - ==> Top1: 94.822    Loss: 0.786

2026-06-18 23:08:45,961 - ==> ImageAcc: 74.603    ImageF1: 73.770    ImageBalancedAcc: 76.236    ImageThresh: 0.220

2026-06-18 23:08:45,961 - ==> Confusion:
[[244687  13219]
 [   142      0]]

2026-06-18 23:08:45,961 - --- camera test image metrics (epoch=124) -------------
2026-06-18 23:08:46,011 - ==> Camera ImageAcc: 100.000    ImageRecall: 100.000    ImagePrecision: 100.000    ImageThresh: 0.220

2026-06-18 23:08:46,020 - ==> Best [Top1: 97.611   Params: 181176 on epoch: 124]
2026-06-18 23:08:46,020 - Saving checkpoint to: logs/2026.06.18-230655___ai85mmsanomalynet25aux___MMS_128_V5/qat_checkpoint.pth.tar
2026-06-18 23:08:46,080 - 

2026-06-18 23:08:46,080 - Training epoch: 2560 samples (24 per mini-batch, world size: 1)
2026-06-18 23:08:48,323 - Epoch: [125][   25/  107]    Overall Loss 0.256714    Objective Loss 0.256714    MMS Map Loss 0.184157    MMS Focal Loss 0.034577    MMS Image Loss 0.189904                                        LR 0.000063    Time 0.089677    
2026-06-18 23:08:50,457 - Epoch: [125][   50/  107]    Overall Loss 0.241855    Objective Loss 0.241855    MMS Map Loss 0.174424    MMS Focal Loss 0.030947    MMS Image Loss 0.182420                                        LR 0.000063    Time 0.087500    
2026-06-18 23:08:52,579 - Epoch: [125][   75/  107]    Overall Loss 0.239046    Objective Loss 0.239046    MMS Map Loss 0.170729    MMS Focal Loss 0.031303    MMS Image Loss 0.185075                                        LR 0.000063    Time 0.086626    
2026-06-18 23:08:54,643 - Epoch: [125][  100/  107]    Overall Loss 0.235929    Objective Loss 0.235929    MMS Map Loss 0.168042    MMS Focal Loss 0.031236    MMS Image Loss 0.183253                                        LR 0.000063    Time 0.085600    
2026-06-18 23:08:55,226 - Epoch: [125][  107/  107]    Overall Loss 0.234828    Objective Loss 0.234828    MMS Map Loss 0.166907    MMS Focal Loss 0.031051    MMS Image Loss 0.184350    Top1 97.697754    LR 0.000063    Time 0.085451    
2026-06-18 23:08:55,227 - --- validate (epoch=125)-----------
2026-06-18 23:08:55,227 - 210 samples (24 per mini-batch)
2026-06-18 23:08:55,746 - Epoch: [125][    9/    9]    Loss 0.260884    Top1 97.741815    ImageAcc 91.904759    ImageF1 94.076657    ImageBalancedAcc 89.642859    ImagePrecision 91.836733    ImageRecall 96.428573    ImageThresh 0.160000    ImageAccOneCell 66.666669    MMS Map Loss 0.202943    MMS Focal Loss 0.057941    
2026-06-18 23:08:55,746 - ==> Top1: 97.742    Loss: 0.261

2026-06-18 23:08:55,750 - ==> ImageAcc: 91.905    ImageF1: 94.077    ImageBalancedAcc: 89.643    ImageThresh: 0.160

2026-06-18 23:08:55,750 - ==> Confusion:
[[200949   4178]
 [   678   9235]]

2026-06-18 23:08:55,780 - --- test (epoch=125) -------------
2026-06-18 23:08:55,780 - 252 samples (24 per mini-batch)
2026-06-18 23:08:56,436 - Epoch: [125][   11/   11]    Loss 0.850161    Top1 95.332651    ImageAcc 75.000000    ImageF1 75.294119    ImageBalancedAcc 76.075542    ImagePrecision 84.955752    ImageRecall 67.605633    ImageThresh 0.170000    ImageAccOneCell 56.349206    MMS Map Loss 0.571137    MMS Focal Loss 0.279023    
2026-06-18 23:08:56,436 - ==> Top1: 95.333    Loss: 0.850

2026-06-18 23:08:56,440 - ==> ImageAcc: 75.000    ImageF1: 75.294    ImageBalancedAcc: 76.076    ImageThresh: 0.170

2026-06-18 23:08:56,440 - ==> Confusion:
[[246004  11902]
 [   142      0]]

2026-06-18 23:08:56,440 - --- camera test image metrics (epoch=125) -------------
2026-06-18 23:08:56,488 - ==> Camera ImageAcc: 100.000    ImageRecall: 100.000    ImagePrecision: 100.000    ImageThresh: 0.170

2026-06-18 23:08:56,497 - ==> Best [Top1: 97.742   Params: 181176 on epoch: 125]
2026-06-18 23:08:56,497 - Saving checkpoint to: logs/2026.06.18-230655___ai85mmsanomalynet25aux___MMS_128_V5/qat_checkpoint.pth.tar
2026-06-18 23:08:56,555 - 

2026-06-18 23:08:56,555 - Training epoch: 2560 samples (24 per mini-batch, world size: 1)
2026-06-18 23:08:58,637 - Epoch: [126][   25/  107]    Overall Loss 0.219468    Objective Loss 0.219468    MMS Map Loss 0.154765    MMS Focal Loss 0.029791    MMS Image Loss 0.174561                                        LR 0.000063    Time 0.083253    
2026-06-18 23:09:00,728 - Epoch: [126][   50/  107]    Overall Loss 0.210150    Objective Loss 0.210150    MMS Map Loss 0.149029    MMS Focal Loss 0.027931    MMS Image Loss 0.165952                                        LR 0.000063    Time 0.083441    
2026-06-18 23:09:02,849 - Epoch: [126][   75/  107]    Overall Loss 0.206548    Objective Loss 0.206548    MMS Map Loss 0.146209    MMS Focal Loss 0.027145    MMS Image Loss 0.165968                                        LR 0.000063    Time 0.083894    
2026-06-18 23:09:05,051 - Epoch: [126][  100/  107]    Overall Loss 0.205106    Objective Loss 0.205106    MMS Map Loss 0.144977    MMS Focal Loss 0.027067    MMS Image Loss 0.165313                                        LR 0.000063    Time 0.084942    
2026-06-18 23:09:05,661 - Epoch: [126][  107/  107]    Overall Loss 0.203532    Objective Loss 0.203532    MMS Map Loss 0.144078    MMS Focal Loss 0.026686    MMS Image Loss 0.163838    Top1 97.832031    LR 0.000063    Time 0.085075    
2026-06-18 23:09:05,661 - --- validate (epoch=126)-----------
2026-06-18 23:09:05,661 - 210 samples (24 per mini-batch)
2026-06-18 23:09:06,208 - Epoch: [126][    9/    9]    Loss 0.248344    Top1 97.824591    ImageAcc 90.476191    ImageF1 92.957747    ImageBalancedAcc 88.571429    ImagePrecision 91.666669    ImageRecall 94.285715    ImageThresh 0.150000    ImageAccOneCell 66.666669    MMS Map Loss 0.189919    MMS Focal Loss 0.058425    
2026-06-18 23:09:06,208 - ==> Top1: 97.825    Loss: 0.248

2026-06-18 23:09:06,212 - ==> ImageAcc: 90.476    ImageF1: 92.958    ImageBalancedAcc: 88.571    ImageThresh: 0.150

2026-06-18 23:09:06,212 - ==> Confusion:
[[201034   4093]
 [   585   9328]]

2026-06-18 23:09:06,243 - --- test (epoch=126) -------------
2026-06-18 23:09:06,243 - 252 samples (24 per mini-batch)
2026-06-18 23:09:06,921 - Epoch: [126][   11/   11]    Loss 0.908627    Top1 94.908312    ImageAcc 75.793654    ImageF1 76.264596    ImageBalancedAcc 76.779771    ImagePrecision 85.217392    ImageRecall 69.014084    ImageThresh 0.160000    ImageAccOneCell 56.349206    MMS Map Loss 0.593286    MMS Focal Loss 0.315341    
2026-06-18 23:09:06,921 - ==> Top1: 94.908    Loss: 0.909

2026-06-18 23:09:06,926 - ==> ImageAcc: 75.794    ImageF1: 76.265    ImageBalancedAcc: 76.780    ImageThresh: 0.160

2026-06-18 23:09:06,926 - ==> Confusion:
[[244909  12997]
 [   142      0]]

2026-06-18 23:09:06,926 - --- camera test image metrics (epoch=126) -------------
2026-06-18 23:09:06,976 - ==> Camera ImageAcc: 100.000    ImageRecall: 100.000    ImagePrecision: 100.000    ImageThresh: 0.150

2026-06-18 23:09:06,985 - ==> Best [Top1: 97.825   Params: 181176 on epoch: 126]
2026-06-18 23:09:06,986 - Saving checkpoint to: logs/2026.06.18-230655___ai85mmsanomalynet25aux___MMS_128_V5/qat_checkpoint.pth.tar
2026-06-18 23:09:07,048 - 

2026-06-18 23:09:07,048 - Training epoch: 2560 samples (24 per mini-batch, world size: 1)
2026-06-18 23:09:09,216 - Epoch: [127][   25/  107]    Overall Loss 0.195052    Objective Loss 0.195052    MMS Map Loss 0.137895    MMS Focal Loss 0.027602    MMS Image Loss 0.147774                                        LR 0.000063    Time 0.086688    
2026-06-18 23:09:11,396 - Epoch: [127][   50/  107]    Overall Loss 0.187595    Objective Loss 0.187595    MMS Map Loss 0.132692    MMS Focal Loss 0.024497    MMS Image Loss 0.152033                                        LR 0.000063    Time 0.086943    
2026-06-18 23:09:13,621 - Epoch: [127][   75/  107]    Overall Loss 0.185106    Objective Loss 0.185106    MMS Map Loss 0.130342    MMS Focal Loss 0.023817    MMS Image Loss 0.154735                                        LR 0.000063    Time 0.087616    
2026-06-18 23:09:15,883 - Epoch: [127][  100/  107]    Overall Loss 0.183816    Objective Loss 0.183816    MMS Map Loss 0.129348    MMS Focal Loss 0.023697    MMS Image Loss 0.153856                                        LR 0.000063    Time 0.088328    
2026-06-18 23:09:16,564 - Epoch: [127][  107/  107]    Overall Loss 0.182913    Objective Loss 0.182913    MMS Map Loss 0.128981    MMS Focal Loss 0.023737    MMS Image Loss 0.150972    Top1 97.124023    LR 0.000063    Time 0.088911    
2026-06-18 23:09:16,564 - --- validate (epoch=127)-----------
2026-06-18 23:09:16,564 - 210 samples (24 per mini-batch)
2026-06-18 23:09:17,139 - Epoch: [127][    9/    9]    Loss 0.244560    Top1 97.659505    ImageAcc 91.428572    ImageF1 93.750000    ImageBalancedAcc 88.928568    ImagePrecision 91.216218    ImageRecall 96.428573    ImageThresh 0.130000    ImageAccOneCell 66.666669    MMS Map Loss 0.182392    MMS Focal Loss 0.062168    
2026-06-18 23:09:17,140 - ==> Top1: 97.660    Loss: 0.245

2026-06-18 23:09:17,144 - ==> ImageAcc: 91.429    ImageF1: 93.750    ImageBalancedAcc: 88.929    ImageThresh: 0.130

2026-06-18 23:09:17,144 - ==> Confusion:
[[200591   4536]
 [   497   9416]]

2026-06-18 23:09:17,178 - --- test (epoch=127) -------------
2026-06-18 23:09:17,178 - 252 samples (24 per mini-batch)
2026-06-18 23:09:17,884 - Epoch: [127][   11/   11]    Loss 1.001435    Top1 94.020105    ImageAcc 73.015875    ImageF1 76.712328    ImageBalancedAcc 72.163892    ImagePrecision 74.666667    ImageRecall 78.873241    ImageThresh 0.140000    ImageAccOneCell 56.349206    MMS Map Loss 0.633090    MMS Focal Loss 0.368346    
2026-06-18 23:09:17,884 - ==> Top1: 94.020    Loss: 1.001

2026-06-18 23:09:17,889 - ==> ImageAcc: 73.016    ImageF1: 76.712    ImageBalancedAcc: 72.164    ImageThresh: 0.140

2026-06-18 23:09:17,889 - ==> Confusion:
[[242617  15289]
 [   142      0]]

2026-06-18 23:09:17,889 - --- camera test image metrics (epoch=127) -------------
2026-06-18 23:09:17,941 - ==> Camera ImageAcc: 100.000    ImageRecall: 100.000    ImagePrecision: 100.000    ImageThresh: 0.130

2026-06-18 23:09:17,951 - ==> Best [Top1: 97.825   Params: 181176 on epoch: 126]
2026-06-18 23:09:17,951 - Saving checkpoint to: logs/2026.06.18-230655___ai85mmsanomalynet25aux___MMS_128_V5/qat_checkpoint.pth.tar
2026-06-18 23:09:18,013 - 

2026-06-18 23:09:18,014 - Training epoch: 2560 samples (24 per mini-batch, world size: 1)
2026-06-18 23:09:20,317 - Epoch: [128][   25/  107]    Overall Loss 0.164719    Objective Loss 0.164719    MMS Map Loss 0.117976    MMS Focal Loss 0.020349    MMS Image Loss 0.131969                                        LR 0.000063    Time 0.092126    
2026-06-18 23:09:22,585 - Epoch: [128][   50/  107]    Overall Loss 0.163874    Objective Loss 0.163874    MMS Map Loss 0.116898    MMS Focal Loss 0.020166    MMS Image Loss 0.134050                                        LR 0.000063    Time 0.091403    
2026-06-18 23:09:24,983 - Epoch: [128][   75/  107]    Overall Loss 0.166884    Objective Loss 0.166884    MMS Map Loss 0.117820    MMS Focal Loss 0.021639    MMS Image Loss 0.137129                                        LR 0.000063    Time 0.092903    
2026-06-18 23:09:27,373 - Epoch: [128][  100/  107]    Overall Loss 0.168887    Objective Loss 0.168887    MMS Map Loss 0.118099    MMS Focal Loss 0.022233    MMS Image Loss 0.142773                                        LR 0.000063    Time 0.093575    
2026-06-18 23:09:28,048 - Epoch: [128][  107/  107]    Overall Loss 0.167926    Objective Loss 0.167926    MMS Map Loss 0.117603    MMS Focal Loss 0.022107    MMS Image Loss 0.141082    Top1 98.208008    LR 0.000063    Time 0.093758    
2026-06-18 23:09:28,049 - --- validate (epoch=128)-----------
2026-06-18 23:09:28,049 - 210 samples (24 per mini-batch)
2026-06-18 23:09:28,633 - Epoch: [128][    9/    9]    Loss 0.235690    Top1 97.826451    ImageAcc 89.999998    ImageF1 92.418772    ImageBalancedAcc 89.285713    ImagePrecision 93.430656    ImageRecall 91.428572    ImageThresh 0.130000    ImageAccOneCell 66.666669    MMS Map Loss 0.173123    MMS Focal Loss 0.062567    
2026-06-18 23:09:28,633 - ==> Top1: 97.826    Loss: 0.236

2026-06-18 23:09:28,638 - ==> ImageAcc: 90.000    ImageF1: 92.419    ImageBalancedAcc: 89.286    ImageThresh: 0.130

2026-06-18 23:09:28,638 - ==> Confusion:
[[201008   4119]
 [   555   9358]]

2026-06-18 23:09:28,671 - --- test (epoch=128) -------------
2026-06-18 23:09:28,671 - 252 samples (24 per mini-batch)
2026-06-18 23:09:29,411 - Epoch: [128][   11/   11]    Loss 1.034038    Top1 94.501798    ImageAcc 72.222221    ImageF1 70.588231    ImageBalancedAcc 74.122918    ImagePrecision 87.500000    ImageRecall 59.154928    ImageThresh 0.150000    ImageAccOneCell 56.349206    MMS Map Loss 0.644283    MMS Focal Loss 0.389754    
2026-06-18 23:09:29,411 - ==> Top1: 94.502    Loss: 1.034

2026-06-18 23:09:29,415 - ==> ImageAcc: 72.222    ImageF1: 70.588    ImageBalancedAcc: 74.123    ImageThresh: 0.150

2026-06-18 23:09:29,415 - ==> Confusion:
[[243860  14046]
 [   142      0]]

2026-06-18 23:09:29,416 - --- camera test image metrics (epoch=128) -------------
2026-06-18 23:09:29,471 - ==> Camera ImageAcc: 90.000    ImageRecall: 83.333    ImagePrecision: 100.000    ImageThresh: 0.120

2026-06-18 23:09:29,481 - ==> Best [Top1: 97.826   Params: 181176 on epoch: 128]
2026-06-18 23:09:29,481 - Saving checkpoint to: logs/2026.06.18-230655___ai85mmsanomalynet25aux___MMS_128_V5/qat_checkpoint.pth.tar
2026-06-18 23:09:29,544 - 

2026-06-18 23:09:29,545 - Training epoch: 2560 samples (24 per mini-batch, world size: 1)
2026-06-18 23:09:31,890 - Epoch: [129][   25/  107]    Overall Loss 0.153254    Objective Loss 0.153254    MMS Map Loss 0.109724    MMS Focal Loss 0.019279    MMS Image Loss 0.121257                                        LR 0.000063    Time 0.093785    
2026-06-18 23:09:34,378 - Epoch: [129][   50/  107]    Overall Loss 0.159087    Objective Loss 0.159087    MMS Map Loss 0.111367    MMS Focal Loss 0.021564    MMS Image Loss 0.130781                                        LR 0.000063    Time 0.096642    
2026-06-18 23:09:36,990 - Epoch: [129][   75/  107]    Overall Loss 0.156869    Objective Loss 0.156869    MMS Map Loss 0.109508    MMS Focal Loss 0.021177    MMS Image Loss 0.130919                                        LR 0.000063    Time 0.099244    
2026-06-18 23:09:39,351 - Epoch: [129][  100/  107]    Overall Loss 0.156432    Objective Loss 0.156432    MMS Map Loss 0.108311    MMS Focal Loss 0.021343    MMS Image Loss 0.133886                                        LR 0.000063    Time 0.098041    
2026-06-18 23:09:40,002 - Epoch: [129][  107/  107]    Overall Loss 0.155335    Objective Loss 0.155335    MMS Map Loss 0.107547    MMS Focal Loss 0.021118    MMS Image Loss 0.133346    Top1 98.020020    LR 0.000063    Time 0.097706    
2026-06-18 23:09:40,002 - --- validate (epoch=129)-----------
2026-06-18 23:09:40,002 - 210 samples (24 per mini-batch)
2026-06-18 23:09:40,576 - Epoch: [129][    9/    9]    Loss 0.228244    Top1 97.793434    ImageAcc 89.999998    ImageF1 92.526686    ImageBalancedAcc 88.571429    ImagePrecision 92.198581    ImageRecall 92.857140    ImageThresh 0.110000    ImageAccOneCell 66.666669    MMS Map Loss 0.161542    MMS Focal Loss 0.066702    
2026-06-18 23:09:40,576 - ==> Top1: 97.793    Loss: 0.228

2026-06-18 23:09:40,581 - ==> ImageAcc: 90.000    ImageF1: 92.527    ImageBalancedAcc: 88.571    ImageThresh: 0.110

2026-06-18 23:09:40,581 - ==> Confusion:
[[200839   4288]
 [   457   9456]]

2026-06-18 23:09:40,613 - --- test (epoch=129) -------------
2026-06-18 23:09:40,614 - 252 samples (24 per mini-batch)
2026-06-18 23:09:41,336 - Epoch: [129][   11/   11]    Loss 1.107624    Top1 94.113886    ImageAcc 74.206346    ImageF1 75.471699    ImageBalancedAcc 74.756724    ImagePrecision 81.300813    ImageRecall 70.422536    ImageThresh 0.120000    ImageAccOneCell 56.349206    MMS Map Loss 0.670959    MMS Focal Loss 0.436665    
2026-06-18 23:09:41,336 - ==> Top1: 94.114    Loss: 1.108

2026-06-18 23:09:41,341 - ==> ImageAcc: 74.206    ImageF1: 75.472    ImageBalancedAcc: 74.757    ImageThresh: 0.120

2026-06-18 23:09:41,341 - ==> Confusion:
[[242859  15047]
 [   142      0]]

2026-06-18 23:09:41,341 - --- camera test image metrics (epoch=129) -------------
2026-06-18 23:09:41,396 - ==> Camera ImageAcc: 90.000    ImageRecall: 100.000    ImagePrecision: 85.714    ImageThresh: 0.090

2026-06-18 23:09:41,406 - ==> Best [Top1: 97.826   Params: 181176 on epoch: 128]
2026-06-18 23:09:41,406 - Saving checkpoint to: logs/2026.06.18-230655___ai85mmsanomalynet25aux___MMS_128_V5/qat_checkpoint.pth.tar
2026-06-18 23:09:41,467 - 

2026-06-18 23:09:41,467 - Training epoch: 2560 samples (24 per mini-batch, world size: 1)
2026-06-18 23:09:43,770 - Epoch: [130][   25/  107]    Overall Loss 0.146667    Objective Loss 0.146667    MMS Map Loss 0.099855    MMS Focal Loss 0.021318    MMS Image Loss 0.127468                                        LR 0.000063    Time 0.092092    
2026-06-18 23:09:46,119 - Epoch: [130][   50/  107]    Overall Loss 0.142412    Objective Loss 0.142412    MMS Map Loss 0.097162    MMS Focal Loss 0.020055    MMS Image Loss 0.125975                                        LR 0.000063    Time 0.093014    
2026-06-18 23:09:48,656 - Epoch: [130][   75/  107]    Overall Loss 0.142182    Objective Loss 0.142182    MMS Map Loss 0.096498    MMS Focal Loss 0.020358    MMS Image Loss 0.126627                                        LR 0.000063    Time 0.095824    
2026-06-18 23:09:50,986 - Epoch: [130][  100/  107]    Overall Loss 0.140629    Objective Loss 0.140629    MMS Map Loss 0.094937    MMS Focal Loss 0.020158    MMS Image Loss 0.127670                                        LR 0.000063    Time 0.095167    
2026-06-18 23:09:51,626 - Epoch: [130][  107/  107]    Overall Loss 0.141531    Objective Loss 0.141531    MMS Map Loss 0.095293    MMS Focal Loss 0.020692    MMS Image Loss 0.127731    Top1 98.132324    LR 0.000063    Time 0.094922    
2026-06-18 23:09:51,627 - --- validate (epoch=130)-----------
2026-06-18 23:09:51,627 - 210 samples (24 per mini-batch)
2026-06-18 23:09:52,203 - Epoch: [130][    9/    9]    Loss 0.217204    Top1 97.808780    ImageAcc 90.952379    ImageF1 93.333334    ImageBalancedAcc 88.928568    ImagePrecision 91.724139    ImageRecall 94.999999    ImageThresh 0.090000    ImageAccOneCell 66.666669    MMS Map Loss 0.149270    MMS Focal Loss 0.067934    
2026-06-18 23:09:52,203 - ==> Top1: 97.809    Loss: 0.217

2026-06-18 23:09:52,207 - ==> ImageAcc: 90.952    ImageF1: 93.333    ImageBalancedAcc: 88.929    ImageThresh: 0.090

2026-06-18 23:09:52,207 - ==> Confusion:
[[200819   4308]
 [   404   9509]]

2026-06-18 23:09:52,241 - --- test (epoch=130) -------------
2026-06-18 23:09:52,241 - 252 samples (24 per mini-batch)
2026-06-18 23:09:52,965 - Epoch: [130][   11/   11]    Loss 1.193642    Top1 93.786815    ImageAcc 72.222221    ImageF1 71.074373    ImageBalancedAcc 73.918056    ImagePrecision 86.000001    ImageRecall 60.563380    ImageThresh 0.120000    ImageAccOneCell 56.349206    MMS Map Loss 0.703085    MMS Focal Loss 0.490557    
2026-06-18 23:09:52,965 - ==> Top1: 93.787    Loss: 1.194

2026-06-18 23:09:52,970 - ==> ImageAcc: 72.222    ImageF1: 71.074    ImageBalancedAcc: 73.918    ImageThresh: 0.120

2026-06-18 23:09:52,970 - ==> Confusion:
[[242015  15891]
 [   142      0]]

2026-06-18 23:09:53,074 - --- camera test image metrics (epoch=130) -------------
2026-06-18 23:09:53,126 - ==> Camera ImageAcc: 100.000    ImageRecall: 100.000    ImagePrecision: 100.000    ImageThresh: 0.080

2026-06-18 23:09:53,231 - ==> Best [Top1: 97.826   Params: 181176 on epoch: 128]
2026-06-18 23:09:53,231 - Saving checkpoint to: logs/2026.06.18-230655___ai85mmsanomalynet25aux___MMS_128_V5/qat_checkpoint.pth.tar
2026-06-18 23:09:53,292 - 

2026-06-18 23:09:53,292 - Training epoch: 2560 samples (24 per mini-batch, world size: 1)
2026-06-18 23:09:55,687 - Epoch: [131][   25/  107]    Overall Loss 0.132723    Objective Loss 0.132723    MMS Map Loss 0.089880    MMS Focal Loss 0.020376    MMS Image Loss 0.112336                                        LR 0.000063    Time 0.095768    
2026-06-18 23:09:58,045 - Epoch: [131][   50/  107]    Overall Loss 0.136462    Objective Loss 0.136462    MMS Map Loss 0.090421    MMS Focal Loss 0.021310    MMS Image Loss 0.123657                                        LR 0.000063    Time 0.095025    
2026-06-18 23:10:00,380 - Epoch: [131][   75/  107]    Overall Loss 0.133625    Objective Loss 0.133625    MMS Map Loss 0.088723    MMS Focal Loss 0.020542    MMS Image Loss 0.121799                                        LR 0.000063    Time 0.094472    
2026-06-18 23:10:03,094 - Epoch: [131][  100/  107]    Overall Loss 0.133048    Objective Loss 0.133048    MMS Map Loss 0.088075    MMS Focal Loss 0.020435    MMS Image Loss 0.122685                                        LR 0.000063    Time 0.097990    
2026-06-18 23:10:03,845 - Epoch: [131][  107/  107]    Overall Loss 0.132891    Objective Loss 0.132891    MMS Map Loss 0.088015    MMS Focal Loss 0.020504    MMS Image Loss 0.121858    Top1 98.300781    LR 0.000063    Time 0.098600    
2026-06-18 23:10:03,846 - --- validate (epoch=131)-----------
2026-06-18 23:10:03,846 - 210 samples (24 per mini-batch)
2026-06-18 23:10:04,543 - Epoch: [131][    9/    9]    Loss 0.218445    Top1 97.792504    ImageAcc 91.904759    ImageF1 94.076657    ImageBalancedAcc 89.642859    ImagePrecision 91.836733    ImageRecall 96.428573    ImageThresh 0.080000    ImageAccOneCell 66.666669    MMS Map Loss 0.147646    MMS Focal Loss 0.070799    
2026-06-18 23:10:04,543 - ==> Top1: 97.793    Loss: 0.218

2026-06-18 23:10:04,548 - ==> ImageAcc: 91.905    ImageF1: 94.077    ImageBalancedAcc: 89.643    ImageThresh: 0.080

2026-06-18 23:10:04,548 - ==> Confusion:
[[200805   4322]
 [   425   9488]]

2026-06-18 23:10:04,583 - --- test (epoch=131) -------------
2026-06-18 23:10:04,584 - 252 samples (24 per mini-batch)
2026-06-18 23:10:05,346 - Epoch: [131][   11/   11]    Loss 1.271985    Top1 93.579877    ImageAcc 71.031743    ImageF1 70.682728    ImageBalancedAcc 72.349548    ImagePrecision 82.242990    ImageRecall 61.971831    ImageThresh 0.110000    ImageAccOneCell 56.349206    MMS Map Loss 0.736986    MMS Focal Loss 0.534999    
2026-06-18 23:10:05,347 - ==> Top1: 93.580    Loss: 1.272

2026-06-18 23:10:05,351 - ==> ImageAcc: 71.032    ImageF1: 70.683    ImageBalancedAcc: 72.350    ImageThresh: 0.110

2026-06-18 23:10:05,352 - ==> Confusion:
[[241481  16425]
 [   142      0]]

2026-06-18 23:10:05,352 - --- camera test image metrics (epoch=131) -------------
2026-06-18 23:10:05,409 - ==> Camera ImageAcc: 90.000    ImageRecall: 83.333    ImagePrecision: 100.000    ImageThresh: 0.080

2026-06-18 23:10:05,420 - ==> Best [Top1: 97.826   Params: 181176 on epoch: 128]
2026-06-18 23:10:05,420 - Saving checkpoint to: logs/2026.06.18-230655___ai85mmsanomalynet25aux___MMS_128_V5/qat_checkpoint.pth.tar
2026-06-18 23:10:05,484 - 

2026-06-18 23:10:05,484 - Training epoch: 2560 samples (24 per mini-batch, world size: 1)
2026-06-18 23:10:07,958 - Epoch: [132][   25/  107]    Overall Loss 0.130642    Objective Loss 0.130642    MMS Map Loss 0.086452    MMS Focal Loss 0.021553    MMS Image Loss 0.113184                                        LR 0.000063    Time 0.098899    
2026-06-18 23:10:10,470 - Epoch: [132][   50/  107]    Overall Loss 0.127919    Objective Loss 0.127919    MMS Map Loss 0.084748    MMS Focal Loss 0.020414    MMS Image Loss 0.113782                                        LR 0.000063    Time 0.099683    
2026-06-18 23:10:12,892 - Epoch: [132][   75/  107]    Overall Loss 0.128776    Objective Loss 0.128776    MMS Map Loss 0.084834    MMS Focal Loss 0.020874    MMS Image Loss 0.115340                                        LR 0.000063    Time 0.098739    
2026-06-18 23:10:15,249 - Epoch: [132][  100/  107]    Overall Loss 0.126437    Objective Loss 0.126437    MMS Map Loss 0.083452    MMS Focal Loss 0.020028    MMS Image Loss 0.114783                                        LR 0.000063    Time 0.097617    
2026-06-18 23:10:15,873 - Epoch: [132][  107/  107]    Overall Loss 0.126242    Objective Loss 0.126242    MMS Map Loss 0.083422    MMS Focal Loss 0.019963    MMS Image Loss 0.114282    Top1 98.249512    LR 0.000063    Time 0.097058    
2026-06-18 23:10:15,873 - --- validate (epoch=132)-----------
2026-06-18 23:10:15,873 - 210 samples (24 per mini-batch)
2026-06-18 23:10:16,504 - Epoch: [132][    9/    9]    Loss 0.225503    Top1 97.991536    ImageAcc 90.952379    ImageF1 93.238437    ImageBalancedAcc 89.642859    ImagePrecision 92.907804    ImageRecall 93.571430    ImageThresh 0.080000    ImageAccOneCell 66.666669    MMS Map Loss 0.149692    MMS Focal Loss 0.075811    
2026-06-18 23:10:16,504 - ==> Top1: 97.992    Loss: 0.226

2026-06-18 23:10:16,509 - ==> ImageAcc: 90.952    ImageF1: 93.238    ImageBalancedAcc: 89.643    ImageThresh: 0.080

2026-06-18 23:10:16,509 - ==> Confusion:
[[201332   3795]
 [   524   9389]]

2026-06-18 23:10:16,545 - --- test (epoch=132) -------------
2026-06-18 23:10:16,545 - 252 samples (24 per mini-batch)
2026-06-18 23:10:17,346 - Epoch: [132][   11/   11]    Loss 1.288343    Top1 94.201466    ImageAcc 71.031743    ImageF1 69.198310    ImageBalancedAcc 72.964144    ImagePrecision 86.315787    ImageRecall 57.746476    ImageThresh 0.110000    ImageAccOneCell 56.349206    MMS Map Loss 0.740615    MMS Focal Loss 0.547728    
2026-06-18 23:10:17,346 - ==> Top1: 94.201    Loss: 1.288

2026-06-18 23:10:17,351 - ==> ImageAcc: 71.032    ImageF1: 69.198    ImageBalancedAcc: 72.964    ImageThresh: 0.110

2026-06-18 23:10:17,351 - ==> Confusion:
[[243085  14821]
 [   142      0]]

2026-06-18 23:10:17,351 - --- camera test image metrics (epoch=132) -------------
2026-06-18 23:10:17,409 - ==> Camera ImageAcc: 100.000    ImageRecall: 100.000    ImagePrecision: 100.000    ImageThresh: 0.070

2026-06-18 23:10:17,420 - ==> Best [Top1: 97.992   Params: 181176 on epoch: 132]
2026-06-18 23:10:17,420 - Saving checkpoint to: logs/2026.06.18-230655___ai85mmsanomalynet25aux___MMS_128_V5/qat_checkpoint.pth.tar
2026-06-18 23:10:17,484 - 

2026-06-18 23:10:17,484 - Training epoch: 2560 samples (24 per mini-batch, world size: 1)
2026-06-18 23:10:19,896 - Epoch: [133][   25/  107]    Overall Loss 0.125788    Objective Loss 0.125788    MMS Map Loss 0.081794    MMS Focal Loss 0.021187    MMS Image Loss 0.114037                                        LR 0.000063    Time 0.096458    
2026-06-18 23:10:22,231 - Epoch: [133][   50/  107]    Overall Loss 0.121555    Objective Loss 0.121555    MMS Map Loss 0.080479    MMS Focal Loss 0.019831    MMS Image Loss 0.106222                                        LR 0.000063    Time 0.094928    
2026-06-18 23:10:24,551 - Epoch: [133][   75/  107]    Overall Loss 0.120936    Objective Loss 0.120936    MMS Map Loss 0.079481    MMS Focal Loss 0.019444    MMS Image Loss 0.110051                                        LR 0.000063    Time 0.094207    
2026-06-18 23:10:26,877 - Epoch: [133][  100/  107]    Overall Loss 0.121544    Objective Loss 0.121544    MMS Map Loss 0.079804    MMS Focal Loss 0.019883    MMS Image Loss 0.109286                                        LR 0.000063    Time 0.093912    
2026-06-18 23:10:27,499 - Epoch: [133][  107/  107]    Overall Loss 0.121927    Objective Loss 0.121927    MMS Map Loss 0.079749    MMS Focal Loss 0.019970    MMS Image Loss 0.111045    Top1 98.322754    LR 0.000063    Time 0.093578    
2026-06-18 23:10:27,500 - --- validate (epoch=133)-----------
2026-06-18 23:10:27,500 - 210 samples (24 per mini-batch)
2026-06-18 23:10:28,071 - Epoch: [133][    9/    9]    Loss 0.241198    Top1 98.309152    ImageAcc 92.857140    ImageF1 94.584835    ImageBalancedAcc 92.500001    ImagePrecision 95.620435    ImageRecall 93.571430    ImageThresh 0.070000    ImageAccOneCell 66.666669    MMS Map Loss 0.155221    MMS Focal Loss 0.085977    
2026-06-18 23:10:28,071 - ==> Top1: 98.309    Loss: 0.241

2026-06-18 23:10:28,075 - ==> ImageAcc: 92.857    ImageF1: 94.585    ImageBalancedAcc: 92.500    ImageThresh: 0.070

2026-06-18 23:10:28,075 - ==> Confusion:
[[202123   3004]
 [   632   9281]]

2026-06-18 23:10:28,107 - --- test (epoch=133) -------------
2026-06-18 23:10:28,107 - 252 samples (24 per mini-batch)
2026-06-18 23:10:28,843 - Epoch: [133][   11/   11]    Loss 1.302074    Top1 95.435345    ImageAcc 71.428573    ImageF1 68.965518    ImageBalancedAcc 73.623562    ImagePrecision 88.888890    ImageRecall 56.338030    ImageThresh 0.090000    ImageAccOneCell 56.349206    MMS Map Loss 0.740849    MMS Focal Loss 0.561226    
2026-06-18 23:10:28,843 - ==> Top1: 95.435    Loss: 1.302

2026-06-18 23:10:28,847 - ==> ImageAcc: 71.429    ImageF1: 68.966    ImageBalancedAcc: 73.624    ImageThresh: 0.090

2026-06-18 23:10:28,847 - ==> Confusion:
[[246269  11637]
 [   142      0]]

2026-06-18 23:10:28,848 - --- camera test image metrics (epoch=133) -------------
2026-06-18 23:10:28,904 - ==> Camera ImageAcc: 90.000    ImageRecall: 83.333    ImagePrecision: 100.000    ImageThresh: 0.060

2026-06-18 23:10:28,914 - ==> Best [Top1: 98.309   Params: 181176 on epoch: 133]
2026-06-18 23:10:28,914 - Saving checkpoint to: logs/2026.06.18-230655___ai85mmsanomalynet25aux___MMS_128_V5/qat_checkpoint.pth.tar
2026-06-18 23:10:28,976 - 

2026-06-18 23:10:28,976 - Training epoch: 2560 samples (24 per mini-batch, world size: 1)
2026-06-18 23:10:31,278 - Epoch: [134][   25/  107]    Overall Loss 0.113021    Objective Loss 0.113021    MMS Map Loss 0.074419    MMS Focal Loss 0.017030    MMS Image Loss 0.107862                                        LR 0.000063    Time 0.092065    
2026-06-18 23:10:33,664 - Epoch: [134][   50/  107]    Overall Loss 0.115245    Objective Loss 0.115245    MMS Map Loss 0.076227    MMS Focal Loss 0.018733    MMS Image Loss 0.101422                                        LR 0.000063    Time 0.093741    
2026-06-18 23:10:36,041 - Epoch: [134][   75/  107]    Overall Loss 0.115610    Objective Loss 0.115610    MMS Map Loss 0.075913    MMS Focal Loss 0.018933    MMS Image Loss 0.103821                                        LR 0.000063    Time 0.094175    
2026-06-18 23:10:38,371 - Epoch: [134][  100/  107]    Overall Loss 0.116222    Objective Loss 0.116222    MMS Map Loss 0.076118    MMS Focal Loss 0.019240    MMS Image Loss 0.104319                                        LR 0.000063    Time 0.093926    
2026-06-18 23:10:38,999 - Epoch: [134][  107/  107]    Overall Loss 0.116528    Objective Loss 0.116528    MMS Map Loss 0.076133    MMS Focal Loss 0.019432    MMS Image Loss 0.104813    Top1 98.327637    LR 0.000063    Time 0.093647    
2026-06-18 23:10:39,000 - --- validate (epoch=134)-----------
2026-06-18 23:10:39,000 - 210 samples (24 per mini-batch)
2026-06-18 23:10:39,577 - Epoch: [134][    9/    9]    Loss 0.228820    Top1 97.786458    ImageAcc 92.380953    ImageF1 94.326240    ImageBalancedAcc 91.071427    ImagePrecision 93.661970    ImageRecall 94.999999    ImageThresh 0.070000    ImageAccOneCell 66.666669    MMS Map Loss 0.147317    MMS Focal Loss 0.081503    
2026-06-18 23:10:39,577 - ==> Top1: 97.786    Loss: 0.229

2026-06-18 23:10:39,582 - ==> ImageAcc: 92.381    ImageF1: 94.326    ImageBalancedAcc: 91.071    ImageThresh: 0.070

2026-06-18 23:10:39,582 - ==> Confusion:
[[200887   4240]
 [   520   9393]]

2026-06-18 23:10:39,614 - --- test (epoch=134) -------------
2026-06-18 23:10:39,614 - 252 samples (24 per mini-batch)
2026-06-18 23:10:40,323 - Epoch: [134][   11/   11]    Loss 1.357181    Top1 94.216580    ImageAcc 68.253970    ImageF1 67.741930    ImageBalancedAcc 69.577467    ImagePrecision 79.245281    ImageRecall 59.154928    ImageThresh 0.090000    ImageAccOneCell 56.349206    MMS Map Loss 0.768504    MMS Focal Loss 0.588677    
2026-06-18 23:10:40,324 - ==> Top1: 94.217    Loss: 1.357

2026-06-18 23:10:40,328 - ==> ImageAcc: 68.254    ImageF1: 67.742    ImageBalancedAcc: 69.577    ImageThresh: 0.090

2026-06-18 23:10:40,328 - ==> Confusion:
[[243124  14782]
 [   142      0]]

2026-06-18 23:10:40,328 - --- camera test image metrics (epoch=134) -------------
2026-06-18 23:10:40,380 - ==> Camera ImageAcc: 100.000    ImageRecall: 100.000    ImagePrecision: 100.000    ImageThresh: 0.050

2026-06-18 23:10:40,389 - ==> Best [Top1: 98.309   Params: 181176 on epoch: 133]
2026-06-18 23:10:40,390 - Saving checkpoint to: logs/2026.06.18-230655___ai85mmsanomalynet25aux___MMS_128_V5/qat_checkpoint.pth.tar
2026-06-18 23:10:40,450 - 

2026-06-18 23:10:40,450 - Training epoch: 2560 samples (24 per mini-batch, world size: 1)
2026-06-18 23:10:42,774 - Epoch: [135][   25/  107]    Overall Loss 0.109008    Objective Loss 0.109008    MMS Map Loss 0.071757    MMS Focal Loss 0.017362    MMS Image Loss 0.099445                                        LR 0.000063    Time 0.092901    
2026-06-18 23:10:45,065 - Epoch: [135][   50/  107]    Overall Loss 0.112096    Objective Loss 0.112096    MMS Map Loss 0.073172    MMS Focal Loss 0.018921    MMS Image Loss 0.100019                                        LR 0.000063    Time 0.092267    
2026-06-18 23:10:47,307 - Epoch: [135][   75/  107]    Overall Loss 0.114464    Objective Loss 0.114464    MMS Map Loss 0.074714    MMS Focal Loss 0.020085    MMS Image Loss 0.098324                                        LR 0.000063    Time 0.091394    
2026-06-18 23:10:49,505 - Epoch: [135][  100/  107]    Overall Loss 0.112672    Objective Loss 0.112672    MMS Map Loss 0.073456    MMS Focal Loss 0.019281    MMS Image Loss 0.099677                                        LR 0.000063    Time 0.090518    
2026-06-18 23:10:50,113 - Epoch: [135][  107/  107]    Overall Loss 0.112681    Objective Loss 0.112681    MMS Map Loss 0.073267    MMS Focal Loss 0.019201    MMS Image Loss 0.101068    Top1 98.225098    LR 0.000063    Time 0.090281    
2026-06-18 23:10:50,114 - --- validate (epoch=135)-----------
2026-06-18 23:10:50,114 - 210 samples (24 per mini-batch)
2026-06-18 23:10:50,649 - Epoch: [135][    9/    9]    Loss 0.239365    Top1 98.067336    ImageAcc 91.428572    ImageF1 93.706292    ImageBalancedAcc 89.285713    ImagePrecision 91.780823    ImageRecall 95.714283    ImageThresh 0.060000    ImageAccOneCell 66.666669    MMS Map Loss 0.150745    MMS Focal Loss 0.088621    
2026-06-18 23:10:50,649 - ==> Top1: 98.067    Loss: 0.239

2026-06-18 23:10:50,654 - ==> ImageAcc: 91.429    ImageF1: 93.706    ImageBalancedAcc: 89.286    ImageThresh: 0.060

2026-06-18 23:10:50,654 - ==> Confusion:
[[201505   3622]
 [   534   9379]]

2026-06-18 23:10:50,685 - --- test (epoch=135) -------------
2026-06-18 23:10:50,685 - 252 samples (24 per mini-batch)
2026-06-18 23:10:51,368 - Epoch: [135][   11/   11]    Loss 1.394882    Top1 94.306486    ImageAcc 72.222221    ImageF1 70.588231    ImageBalancedAcc 74.122918    ImagePrecision 87.500000    ImageRecall 59.154928    ImageThresh 0.090000    ImageAccOneCell 56.349206    MMS Map Loss 0.783689    MMS Focal Loss 0.611193    
2026-06-18 23:10:51,369 - ==> Top1: 94.306    Loss: 1.395

2026-06-18 23:10:51,373 - ==> ImageAcc: 72.222    ImageF1: 70.588    ImageBalancedAcc: 74.123    ImageThresh: 0.090

2026-06-18 23:10:51,373 - ==> Confusion:
[[243356  14550]
 [   142      0]]

2026-06-18 23:10:51,373 - --- camera test image metrics (epoch=135) -------------
2026-06-18 23:10:51,426 - ==> Camera ImageAcc: 100.000    ImageRecall: 100.000    ImagePrecision: 100.000    ImageThresh: 0.050

2026-06-18 23:10:51,435 - ==> Best [Top1: 98.309   Params: 181176 on epoch: 133]
2026-06-18 23:10:51,435 - Saving checkpoint to: logs/2026.06.18-230655___ai85mmsanomalynet25aux___MMS_128_V5/qat_checkpoint.pth.tar
2026-06-18 23:10:51,495 - 

2026-06-18 23:10:51,495 - Training epoch: 2560 samples (24 per mini-batch, world size: 1)
2026-06-18 23:10:53,665 - Epoch: [136][   25/  107]    Overall Loss 0.109387    Objective Loss 0.109387    MMS Map Loss 0.071558    MMS Focal Loss 0.018789    MMS Image Loss 0.095199                                        LR 0.000063    Time 0.086750    
2026-06-18 23:10:55,841 - Epoch: [136][   50/  107]    Overall Loss 0.111497    Objective Loss 0.111497    MMS Map Loss 0.072308    MMS Focal Loss 0.019747    MMS Image Loss 0.097214                                        LR 0.000063    Time 0.086896    
2026-06-18 23:10:58,032 - Epoch: [136][   75/  107]    Overall Loss 0.111682    Objective Loss 0.111682    MMS Map Loss 0.072480    MMS Focal Loss 0.019824    MMS Image Loss 0.096891                                        LR 0.000063    Time 0.087133    
2026-06-18 23:11:00,224 - Epoch: [136][  100/  107]    Overall Loss 0.110112    Objective Loss 0.110112    MMS Map Loss 0.071484    MMS Focal Loss 0.019181    MMS Image Loss 0.097234                                        LR 0.000063    Time 0.087266    
2026-06-18 23:11:00,826 - Epoch: [136][  107/  107]    Overall Loss 0.110119    Objective Loss 0.110119    MMS Map Loss 0.071440    MMS Focal Loss 0.019257    MMS Image Loss 0.097108    Top1 98.500977    LR 0.000063    Time 0.087183    
2026-06-18 23:11:00,827 - --- validate (epoch=136)-----------
2026-06-18 23:11:00,827 - 210 samples (24 per mini-batch)
2026-06-18 23:11:01,392 - Epoch: [136][    9/    9]    Loss 0.235023    Top1 98.124535    ImageAcc 92.380953    ImageF1 94.405597    ImageBalancedAcc 90.357143    ImagePrecision 92.465752    ImageRecall 96.428573    ImageThresh 0.050000    ImageAccOneCell 66.666669    MMS Map Loss 0.146888    MMS Focal Loss 0.088135    
2026-06-18 23:11:01,392 - ==> Top1: 98.125    Loss: 0.235

2026-06-18 23:11:01,396 - ==> ImageAcc: 92.381    ImageF1: 94.406    ImageBalancedAcc: 90.357    ImageThresh: 0.050

2026-06-18 23:11:01,396 - ==> Confusion:
[[201627   3500]
 [   533   9380]]

2026-06-18 23:11:01,427 - --- test (epoch=136) -------------
2026-06-18 23:11:01,427 - 252 samples (24 per mini-batch)
2026-06-18 23:11:02,258 - Epoch: [136][   11/   11]    Loss 1.402448    Top1 94.954040    ImageAcc 71.428573    ImageF1 71.875000    ImageBalancedAcc 72.394371    ImagePrecision 80.701756    ImageRecall 64.788735    ImageThresh 0.070000    ImageAccOneCell 56.349206    MMS Map Loss 0.781709    MMS Focal Loss 0.620738    
2026-06-18 23:11:02,258 - ==> Top1: 94.954    Loss: 1.402

2026-06-18 23:11:02,263 - ==> ImageAcc: 71.429    ImageF1: 71.875    ImageBalancedAcc: 72.394    ImageThresh: 0.070

2026-06-18 23:11:02,263 - ==> Confusion:
[[245027  12879]
 [   142      0]]

2026-06-18 23:11:02,263 - --- camera test image metrics (epoch=136) -------------
2026-06-18 23:11:02,319 - ==> Camera ImageAcc: 90.000    ImageRecall: 100.000    ImagePrecision: 85.714    ImageThresh: 0.040

2026-06-18 23:11:02,329 - ==> Best [Top1: 98.309   Params: 181176 on epoch: 133]
2026-06-18 23:11:02,329 - Saving checkpoint to: logs/2026.06.18-230655___ai85mmsanomalynet25aux___MMS_128_V5/qat_checkpoint.pth.tar
2026-06-18 23:11:02,390 - 

2026-06-18 23:11:02,391 - Training epoch: 2560 samples (24 per mini-batch, world size: 1)
2026-06-18 23:11:04,710 - Epoch: [137][   25/  107]    Overall Loss 0.106457    Objective Loss 0.106457    MMS Map Loss 0.069911    MMS Focal Loss 0.019586    MMS Image Loss 0.084803                                        LR 0.000063    Time 0.092726    
2026-06-18 23:11:06,941 - Epoch: [137][   50/  107]    Overall Loss 0.103523    Objective Loss 0.103523    MMS Map Loss 0.067501    MMS Focal Loss 0.017788    MMS Image Loss 0.091173                                        LR 0.000063    Time 0.090986    
2026-06-18 23:11:09,338 - Epoch: [137][   75/  107]    Overall Loss 0.104988    Objective Loss 0.104988    MMS Map Loss 0.068113    MMS Focal Loss 0.018448    MMS Image Loss 0.092133                                        LR 0.000063    Time 0.092601    
2026-06-18 23:11:11,779 - Epoch: [137][  100/  107]    Overall Loss 0.104023    Objective Loss 0.104023    MMS Map Loss 0.067579    MMS Focal Loss 0.018200    MMS Image Loss 0.091220                                        LR 0.000063    Time 0.093858    
2026-06-18 23:11:12,435 - Epoch: [137][  107/  107]    Overall Loss 0.104887    Objective Loss 0.104887    MMS Map Loss 0.067957    MMS Focal Loss 0.018582    MMS Image Loss 0.091740    Top1 98.764648    LR 0.000063    Time 0.093848    
2026-06-18 23:11:12,436 - --- validate (epoch=137)-----------
2026-06-18 23:11:12,436 - 210 samples (24 per mini-batch)
2026-06-18 23:11:12,981 - Epoch: [137][    9/    9]    Loss 0.236147    Top1 98.191499    ImageAcc 90.952379    ImageF1 93.425602    ImageBalancedAcc 88.214290    ImagePrecision 90.604025    ImageRecall 96.428573    ImageThresh 0.050000    ImageAccOneCell 66.666669    MMS Map Loss 0.147112    MMS Focal Loss 0.089035    
2026-06-18 23:11:12,981 - ==> Top1: 98.191    Loss: 0.236

2026-06-18 23:11:12,985 - ==> ImageAcc: 90.952    ImageF1: 93.426    ImageBalancedAcc: 88.214    ImageThresh: 0.050

2026-06-18 23:11:12,986 - ==> Confusion:
[[201800   3327]
 [   562   9351]]

2026-06-18 23:11:13,019 - --- test (epoch=137) -------------
2026-06-18 23:11:13,019 - 252 samples (24 per mini-batch)
2026-06-18 23:11:13,716 - Epoch: [137][   11/   11]    Loss 1.478303    Top1 94.742451    ImageAcc 70.238096    ImageF1 67.532468    ImageBalancedAcc 72.464788    ImagePrecision 87.640452    ImageRecall 54.929578    ImageThresh 0.090000    ImageAccOneCell 56.349206    MMS Map Loss 0.817301    MMS Focal Loss 0.661002    
2026-06-18 23:11:13,716 - ==> Top1: 94.742    Loss: 1.478

2026-06-18 23:11:13,720 - ==> ImageAcc: 70.238    ImageF1: 67.532    ImageBalancedAcc: 72.465    ImageThresh: 0.090

2026-06-18 23:11:13,720 - ==> Confusion:
[[244481  13425]
 [   142      0]]

2026-06-18 23:11:13,721 - --- camera test image metrics (epoch=137) -------------
2026-06-18 23:11:13,773 - ==> Camera ImageAcc: 100.000    ImageRecall: 100.000    ImagePrecision: 100.000    ImageThresh: 0.040

2026-06-18 23:11:13,782 - ==> Best [Top1: 98.309   Params: 181176 on epoch: 133]
2026-06-18 23:11:13,782 - Saving checkpoint to: logs/2026.06.18-230655___ai85mmsanomalynet25aux___MMS_128_V5/qat_checkpoint.pth.tar
2026-06-18 23:11:13,841 - 

2026-06-18 23:11:13,841 - Training epoch: 2560 samples (24 per mini-batch, world size: 1)
2026-06-18 23:11:16,047 - Epoch: [138][   25/  107]    Overall Loss 0.097881    Objective Loss 0.097881    MMS Map Loss 0.064749    MMS Focal Loss 0.015969    MMS Image Loss 0.085812                                        LR 0.000063    Time 0.088228    
2026-06-18 23:11:18,354 - Epoch: [138][   50/  107]    Overall Loss 0.101401    Objective Loss 0.101401    MMS Map Loss 0.066152    MMS Focal Loss 0.018228    MMS Image Loss 0.085106                                        LR 0.000063    Time 0.090245    
2026-06-18 23:11:20,544 - Epoch: [138][   75/  107]    Overall Loss 0.100259    Objective Loss 0.100259    MMS Map Loss 0.064995    MMS Focal Loss 0.017600    MMS Image Loss 0.088317                                        LR 0.000063    Time 0.089350    
2026-06-18 23:11:23,012 - Epoch: [138][  100/  107]    Overall Loss 0.101670    Objective Loss 0.101670    MMS Map Loss 0.065812    MMS Focal Loss 0.018322    MMS Image Loss 0.087677                                        LR 0.000063    Time 0.091690    
2026-06-18 23:11:23,732 - Epoch: [138][  107/  107]    Overall Loss 0.101214    Objective Loss 0.101214    MMS Map Loss 0.065586    MMS Focal Loss 0.018246    MMS Image Loss 0.086908    Top1 98.232422    LR 0.000063    Time 0.092410    
2026-06-18 23:11:23,732 - --- validate (epoch=138)-----------
2026-06-18 23:11:23,733 - 210 samples (24 per mini-batch)
2026-06-18 23:11:24,391 - Epoch: [138][    9/    9]    Loss 0.247861    Top1 98.147321    ImageAcc 89.999998    ImageF1 92.250919    ImageBalancedAcc 90.357143    ImagePrecision 95.419848    ImageRecall 89.285713    ImageThresh 0.060000    ImageAccOneCell 66.666669    MMS Map Loss 0.151470    MMS Focal Loss 0.096390    
2026-06-18 23:11:24,391 - ==> Top1: 98.147    Loss: 0.248

2026-06-18 23:11:24,396 - ==> ImageAcc: 90.000    ImageF1: 92.251    ImageBalancedAcc: 90.357    ImageThresh: 0.060

2026-06-18 23:11:24,396 - ==> Confusion:
[[201704   3423]
 [   561   9352]]

2026-06-18 23:11:24,426 - --- test (epoch=138) -------------
2026-06-18 23:11:24,426 - 252 samples (24 per mini-batch)
2026-06-18 23:11:25,186 - Epoch: [138][   11/   11]    Loss 1.467154    Top1 94.890098    ImageAcc 72.222221    ImageF1 76.510072    ImageBalancedAcc 71.049941    ImagePrecision 73.076922    ImageRecall 80.281693    ImageThresh 0.040000    ImageAccOneCell 56.349206    MMS Map Loss 0.807234    MMS Focal Loss 0.659920    
2026-06-18 23:11:25,186 - ==> Top1: 94.890    Loss: 1.467

2026-06-18 23:11:25,191 - ==> ImageAcc: 72.222    ImageF1: 76.510    ImageBalancedAcc: 71.050    ImageThresh: 0.040

2026-06-18 23:11:25,191 - ==> Confusion:
[[244862  13044]
 [   142      0]]

2026-06-18 23:11:25,191 - --- camera test image metrics (epoch=138) -------------
2026-06-18 23:11:25,246 - ==> Camera ImageAcc: 90.000    ImageRecall: 83.333    ImagePrecision: 100.000    ImageThresh: 0.040

2026-06-18 23:11:25,254 - ==> Best [Top1: 98.309   Params: 181176 on epoch: 133]
2026-06-18 23:11:25,254 - Saving checkpoint to: logs/2026.06.18-230655___ai85mmsanomalynet25aux___MMS_128_V5/qat_checkpoint.pth.tar
2026-06-18 23:11:25,314 - 

2026-06-18 23:11:25,314 - Training epoch: 2560 samples (24 per mini-batch, world size: 1)
2026-06-18 23:11:27,592 - Epoch: [139][   25/  107]    Overall Loss 0.098629    Objective Loss 0.098629    MMS Map Loss 0.064081    MMS Focal Loss 0.017467    MMS Image Loss 0.085403                                        LR 0.000063    Time 0.091084    
2026-06-18 23:11:29,792 - Epoch: [139][   50/  107]    Overall Loss 0.097514    Objective Loss 0.097514    MMS Map Loss 0.063538    MMS Focal Loss 0.017489    MMS Image Loss 0.082435                                        LR 0.000063    Time 0.089532    
2026-06-18 23:11:31,980 - Epoch: [139][   75/  107]    Overall Loss 0.096178    Objective Loss 0.096178    MMS Map Loss 0.062689    MMS Focal Loss 0.016921    MMS Image Loss 0.082838                                        LR 0.000063    Time 0.088862    
2026-06-18 23:11:34,165 - Epoch: [139][  100/  107]    Overall Loss 0.097367    Objective Loss 0.097367    MMS Map Loss 0.063046    MMS Focal Loss 0.017534    MMS Image Loss 0.083936                                        LR 0.000063    Time 0.088488    
2026-06-18 23:11:34,769 - Epoch: [139][  107/  107]    Overall Loss 0.098718    Objective Loss 0.098718    MMS Map Loss 0.063710    MMS Focal Loss 0.018229    MMS Image Loss 0.083896    Top1 98.840332    LR 0.000063    Time 0.088339    
2026-06-18 23:11:34,769 - --- validate (epoch=139)-----------
2026-06-18 23:11:34,769 - 210 samples (24 per mini-batch)
2026-06-18 23:11:35,310 - Epoch: [139][    9/    9]    Loss 0.251505    Top1 98.245443    ImageAcc 92.857140    ImageF1 94.623655    ImageBalancedAcc 92.142856    ImagePrecision 94.964027    ImageRecall 94.285715    ImageThresh 0.050000    ImageAccOneCell 66.666669    MMS Map Loss 0.151814    MMS Focal Loss 0.099690    
2026-06-18 23:11:35,310 - ==> Top1: 98.245    Loss: 0.252

2026-06-18 23:11:35,314 - ==> ImageAcc: 92.857    ImageF1: 94.624    ImageBalancedAcc: 92.143    ImageThresh: 0.050

2026-06-18 23:11:35,314 - ==> Confusion:
[[201939   3188]
 [   585   9328]]

2026-06-18 23:11:35,345 - --- test (epoch=139) -------------
2026-06-18 23:11:35,345 - 252 samples (24 per mini-batch)
2026-06-18 23:11:36,019 - Epoch: [139][   11/   11]    Loss 1.514985    Top1 95.230345    ImageAcc 67.460316    ImageF1 63.063061    ImageBalancedAcc 70.102435    ImagePrecision 87.500000    ImageRecall 49.295774    ImageThresh 0.080000    ImageAccOneCell 56.349206    MMS Map Loss 0.826409    MMS Focal Loss 0.688576    
2026-06-18 23:11:36,019 - ==> Top1: 95.230    Loss: 1.515

2026-06-18 23:11:36,023 - ==> ImageAcc: 67.460    ImageF1: 63.063    ImageBalancedAcc: 70.102    ImageThresh: 0.080

2026-06-18 23:11:36,023 - ==> Confusion:
[[245740  12166]
 [   142      0]]

2026-06-18 23:11:36,024 - --- camera test image metrics (epoch=139) -------------
2026-06-18 23:11:36,073 - ==> Camera ImageAcc: 80.000    ImageRecall: 66.667    ImagePrecision: 100.000    ImageThresh: 0.040

2026-06-18 23:11:36,083 - ==> Best [Top1: 98.309   Params: 181176 on epoch: 133]
2026-06-18 23:11:36,083 - Saving checkpoint to: logs/2026.06.18-230655___ai85mmsanomalynet25aux___MMS_128_V5/qat_checkpoint.pth.tar
2026-06-18 23:11:36,141 - 

2026-06-18 23:11:36,141 - Training epoch: 2560 samples (24 per mini-batch, world size: 1)
2026-06-18 23:11:38,339 - Epoch: [140][   25/  107]    Overall Loss 0.096885    Objective Loss 0.096885    MMS Map Loss 0.063497    MMS Focal Loss 0.018997    MMS Image Loss 0.071956                                        LR 0.000063    Time 0.087879    
2026-06-18 23:11:40,501 - Epoch: [140][   50/  107]    Overall Loss 0.098898    Objective Loss 0.098898    MMS Map Loss 0.063720    MMS Focal Loss 0.019019    MMS Image Loss 0.080797                                        LR 0.000063    Time 0.087155    
2026-06-18 23:11:42,686 - Epoch: [140][   75/  107]    Overall Loss 0.098411    Objective Loss 0.098411    MMS Map Loss 0.063206    MMS Focal Loss 0.018897    MMS Image Loss 0.081541                                        LR 0.000063    Time 0.087233    
2026-06-18 23:11:44,904 - Epoch: [140][  100/  107]    Overall Loss 0.096346    Objective Loss 0.096346    MMS Map Loss 0.062200    MMS Focal Loss 0.018193    MMS Image Loss 0.079766                                        LR 0.000063    Time 0.087600    
2026-06-18 23:11:45,514 - Epoch: [140][  107/  107]    Overall Loss 0.096278    Objective Loss 0.096278    MMS Map Loss 0.062098    MMS Focal Loss 0.018029    MMS Image Loss 0.080752    Top1 98.361816    LR 0.000063    Time 0.087569    
2026-06-18 23:11:45,515 - --- validate (epoch=140)-----------
2026-06-18 23:11:45,515 - 210 samples (24 per mini-batch)
2026-06-18 23:11:46,050 - Epoch: [140][    9/    9]    Loss 0.237881    Top1 98.098958    ImageAcc 92.380953    ImageF1 94.405597    ImageBalancedAcc 90.357143    ImagePrecision 92.465752    ImageRecall 96.428573    ImageThresh 0.040000    ImageAccOneCell 66.666669    MMS Map Loss 0.144117    MMS Focal Loss 0.093764    
2026-06-18 23:11:46,050 - ==> Top1: 98.099    Loss: 0.238

2026-06-18 23:11:46,055 - ==> ImageAcc: 92.381    ImageF1: 94.406    ImageBalancedAcc: 90.357    ImageThresh: 0.040

2026-06-18 23:11:46,055 - ==> Confusion:
[[201552   3575]
 [   513   9400]]

2026-06-18 23:11:46,086 - --- test (epoch=140) -------------
2026-06-18 23:11:46,086 - 252 samples (24 per mini-batch)
2026-06-18 23:11:46,866 - Epoch: [140][   11/   11]    Loss 1.563348    Top1 94.470409    ImageAcc 71.031743    ImageF1 71.146244    ImageBalancedAcc 72.144687    ImagePrecision 81.081080    ImageRecall 63.380283    ImageThresh 0.070000    ImageAccOneCell 56.349206    MMS Map Loss 0.850173    MMS Focal Loss 0.713175    
2026-06-18 23:11:46,866 - ==> Top1: 94.470    Loss: 1.563

2026-06-18 23:11:46,870 - ==> ImageAcc: 71.032    ImageF1: 71.146    ImageBalancedAcc: 72.145    ImageThresh: 0.070

2026-06-18 23:11:46,870 - ==> Confusion:
[[243779  14127]
 [   142      0]]

2026-06-18 23:11:47,080 - --- camera test image metrics (epoch=140) -------------
2026-06-18 23:11:47,128 - ==> Camera ImageAcc: 100.000    ImageRecall: 100.000    ImagePrecision: 100.000    ImageThresh: 0.040

2026-06-18 23:11:47,222 - ==> Best [Top1: 98.309   Params: 181176 on epoch: 133]
2026-06-18 23:11:47,222 - Saving checkpoint to: logs/2026.06.18-230655___ai85mmsanomalynet25aux___MMS_128_V5/qat_checkpoint.pth.tar
2026-06-18 23:11:47,280 - 

2026-06-18 23:11:47,281 - Training epoch: 2560 samples (24 per mini-batch, world size: 1)
2026-06-18 23:11:49,510 - Epoch: [141][   25/  107]    Overall Loss 0.091282    Objective Loss 0.091282    MMS Map Loss 0.060135    MMS Focal Loss 0.016580    MMS Image Loss 0.072836                                        LR 0.000063    Time 0.089162    
2026-06-18 23:11:50,454 - 
2026-06-18 23:11:50,454 - -- KeyboardInterrupt --
2026-06-18 23:11:50,456 - 
2026-06-18 23:11:50,456 - Log file for this run: /Users/tomhaidinger/Documents/max78000/ai8x-training/logs/2026.06.18-230655___ai85mmsanomalynet25aux___MMS_128_V5/2026.06.18-230655___ai85mmsanomalynet25aux___MMS_128_V5.log
